11-Jul-2022 14:52:29.481 INFO [main] org.apache.catalina.startup.VersionLoggerListener.log Nom version serveur :              Apache Tomcat/9.0.54
11-Jul-2022 14:52:29.484 INFO [main] org.apache.catalina.startup.VersionLoggerListener.log Serveur compilé :                  Sep 28 2021 13:51:49 UTC
11-Jul-2022 14:52:29.484 INFO [main] org.apache.catalina.startup.VersionLoggerListener.log Version du serveur :               9.0.54.0
11-Jul-2022 14:52:29.484 INFO [main] org.apache.catalina.startup.VersionLoggerListener.log Nom de l'OS :                      Windows 11
11-Jul-2022 14:52:29.485 INFO [main] org.apache.catalina.startup.VersionLoggerListener.log Version OS :                       10.0
11-Jul-2022 14:52:29.485 INFO [main] org.apache.catalina.startup.VersionLoggerListener.log Architecture :                     amd64
11-Jul-2022 14:52:29.485 INFO [main] org.apache.catalina.startup.VersionLoggerListener.log Java Home :                        C:\Program Files\Java\jdk-18.0.1.1
11-Jul-2022 14:52:29.485 INFO [main] org.apache.catalina.startup.VersionLoggerListener.log Version JVM :                      18.0.1.1+2-6
11-Jul-2022 14:52:29.485 INFO [main] org.apache.catalina.startup.VersionLoggerListener.log Fournisseur de la JVM :            Oracle Corporation
11-Jul-2022 14:52:29.485 INFO [main] org.apache.catalina.startup.VersionLoggerListener.log CATALINA_BASE :                    C:\Users\sanou\Anouar-Sao\perso\poe_java\M2i\Formation\Web Services\RESSOURCES\apache-tomcat-9.0.54\apache-tomcat-9.0.54
11-Jul-2022 14:52:29.485 INFO [main] org.apache.catalina.startup.VersionLoggerListener.log CATALINA_HOME :                    C:\Users\sanou\Anouar-Sao\perso\poe_java\M2i\Formation\Web Services\RESSOURCES\apache-tomcat-9.0.54\apache-tomcat-9.0.54
11-Jul-2022 14:52:29.492 INFO [main] org.apache.catalina.startup.VersionLoggerListener.log Argument de la ligne de commande : --add-opens=java.base/java.lang=ALL-UNNAMED
11-Jul-2022 14:52:29.492 INFO [main] org.apache.catalina.startup.VersionLoggerListener.log Argument de la ligne de commande : --add-opens=java.base/java.io=ALL-UNNAMED
11-Jul-2022 14:52:29.492 INFO [main] org.apache.catalina.startup.VersionLoggerListener.log Argument de la ligne de commande : --add-opens=java.base/java.util=ALL-UNNAMED
11-Jul-2022 14:52:29.492 INFO [main] org.apache.catalina.startup.VersionLoggerListener.log Argument de la ligne de commande : --add-opens=java.base/java.util.concurrent=ALL-UNNAMED
11-Jul-2022 14:52:29.492 INFO [main] org.apache.catalina.startup.VersionLoggerListener.log Argument de la ligne de commande : --add-opens=java.rmi/sun.rmi.transport=ALL-UNNAMED
11-Jul-2022 14:52:29.492 INFO [main] org.apache.catalina.startup.VersionLoggerListener.log Argument de la ligne de commande : -Djava.util.logging.config.file=C:\Users\sanou\Anouar-Sao\perso\poe_java\M2i\Formation\Web Services\RESSOURCES\apache-tomcat-9.0.54\apache-tomcat-9.0.54\conf\logging.properties
11-Jul-2022 14:52:29.492 INFO [main] org.apache.catalina.startup.VersionLoggerListener.log Argument de la ligne de commande : -Djava.util.logging.manager=org.apache.juli.ClassLoaderLogManager
11-Jul-2022 14:52:29.492 INFO [main] org.apache.catalina.startup.VersionLoggerListener.log Argument de la ligne de commande : -Dhttp.nonProxyHosts=localhost|127.0.0.1|Anouar-Sao
11-Jul-2022 14:52:29.492 INFO [main] org.apache.catalina.startup.VersionLoggerListener.log Argument de la ligne de commande : -Djdk.tls.ephemeralDHKeySize=2048
11-Jul-2022 14:52:29.492 INFO [main] org.apache.catalina.startup.VersionLoggerListener.log Argument de la ligne de commande : -Djava.protocol.handler.pkgs=org.apache.catalina.webresources
11-Jul-2022 14:52:29.492 INFO [main] org.apache.catalina.startup.VersionLoggerListener.log Argument de la ligne de commande : -Dignore.endorsed.dirs=
11-Jul-2022 14:52:29.492 INFO [main] org.apache.catalina.startup.VersionLoggerListener.log Argument de la ligne de commande : -Dcatalina.base=C:\Users\sanou\Anouar-Sao\perso\poe_java\M2i\Formation\Web Services\RESSOURCES\apache-tomcat-9.0.54\apache-tomcat-9.0.54
11-Jul-2022 14:52:29.492 INFO [main] org.apache.catalina.startup.VersionLoggerListener.log Argument de la ligne de commande : -Dcatalina.home=C:\Users\sanou\Anouar-Sao\perso\poe_java\M2i\Formation\Web Services\RESSOURCES\apache-tomcat-9.0.54\apache-tomcat-9.0.54
11-Jul-2022 14:52:29.566 INFO [main] org.apache.catalina.startup.VersionLoggerListener.log Argument de la ligne de commande : -Djava.io.tmpdir=C:\Users\sanou\Anouar-Sao\perso\poe_java\M2i\Formation\Web Services\RESSOURCES\apache-tomcat-9.0.54\apache-tomcat-9.0.54\temp
11-Jul-2022 14:52:29.568 INFO [main] org.apache.catalina.core.AprLifecycleListener.lifecycleEvent La librairie Apache Tomcat Native basée sur APR qui permet des performances optimales dans les environnements de production n'a pas été trouvée sur le java.library.path : [C:\Program Files\Java\jdk-18.0.1.1\bin;C:\WINDOWS\Sun\Java\bin;C:\WINDOWS\system32;C:\WINDOWS;C:\Program Files\Common Files\Oracle\Java\javapath;C:\WINDOWS\system32;C:\WINDOWS;C:\WINDOWS\System32\Wbem;C:\WINDOWS\System32\WindowsPowerShell\v1.0\;C:\WINDOWS\System32\OpenSSH\;C:\Program Files\Git\cmd;C:\Program Files\Docker\Docker\resources\bin;C:\ProgramData\DockerDesktop\version-bin;C:\Users\sanou\AppData\Local\Microsoft\WindowsApps;;C:\Users\sanou\AppData\Local\Programs\Microsoft VS Code\bin;.]
11-Jul-2022 14:52:29.835 INFO [main] org.apache.coyote.AbstractProtocol.init Initialisation du gestionnaire de protocole ["http-nio-8080"]
11-Jul-2022 14:52:29.854 INFO [main] org.apache.catalina.startup.Catalina.load L'initialisation du serveur a pris [552] millisecondes
11-Jul-2022 14:52:29.891 INFO [main] org.apache.catalina.core.StandardService.startInternal Démarrage du service [Catalina]
11-Jul-2022 14:52:29.891 INFO [main] org.apache.catalina.core.StandardEngine.startInternal Démarrage du moteur de Servlets : [Apache Tomcat/9.0.54]
11-Jul-2022 14:52:29.901 INFO [main] org.apache.catalina.startup.HostConfig.deployDirectory Déploiement du répertoire d'application web [C:\Users\sanou\Anouar-Sao\perso\poe_java\M2i\Formation\Web Services\RESSOURCES\apache-tomcat-9.0.54\apache-tomcat-9.0.54\webapps\docs]
11-Jul-2022 14:52:30.145 INFO [main] org.apache.catalina.startup.HostConfig.deployDirectory Le déploiement du répertoire [C:\Users\sanou\Anouar-Sao\perso\poe_java\M2i\Formation\Web Services\RESSOURCES\apache-tomcat-9.0.54\apache-tomcat-9.0.54\webapps\docs] de l'application web s'est terminé en [242] ms
11-Jul-2022 14:52:30.145 INFO [main] org.apache.catalina.startup.HostConfig.deployDirectory Déploiement du répertoire d'application web [C:\Users\sanou\Anouar-Sao\perso\poe_java\M2i\Formation\Web Services\RESSOURCES\apache-tomcat-9.0.54\apache-tomcat-9.0.54\webapps\examples]
11-Jul-2022 14:52:31.941 INFO [main] org.apache.catalina.startup.HostConfig.deployDirectory Le déploiement du répertoire [C:\Users\sanou\Anouar-Sao\perso\poe_java\M2i\Formation\Web Services\RESSOURCES\apache-tomcat-9.0.54\apache-tomcat-9.0.54\webapps\examples] de l'application web s'est terminé en [1 796] ms
11-Jul-2022 14:52:31.942 INFO [main] org.apache.catalina.startup.HostConfig.deployDirectory Déploiement du répertoire d'application web [C:\Users\sanou\Anouar-Sao\perso\poe_java\M2i\Formation\Web Services\RESSOURCES\apache-tomcat-9.0.54\apache-tomcat-9.0.54\webapps\host-manager]
11-Jul-2022 14:52:31.989 INFO [main] org.apache.catalina.startup.HostConfig.deployDirectory Le déploiement du répertoire [C:\Users\sanou\Anouar-Sao\perso\poe_java\M2i\Formation\Web Services\RESSOURCES\apache-tomcat-9.0.54\apache-tomcat-9.0.54\webapps\host-manager] de l'application web s'est terminé en [48] ms
11-Jul-2022 14:52:31.989 INFO [main] org.apache.catalina.startup.HostConfig.deployDirectory Déploiement du répertoire d'application web [C:\Users\sanou\Anouar-Sao\perso\poe_java\M2i\Formation\Web Services\RESSOURCES\apache-tomcat-9.0.54\apache-tomcat-9.0.54\webapps\manager]
11-Jul-2022 14:52:32.038 INFO [main] org.apache.catalina.startup.HostConfig.deployDirectory Le déploiement du répertoire [C:\Users\sanou\Anouar-Sao\perso\poe_java\M2i\Formation\Web Services\RESSOURCES\apache-tomcat-9.0.54\apache-tomcat-9.0.54\webapps\manager] de l'application web s'est terminé en [49] ms
11-Jul-2022 14:52:32.038 INFO [main] org.apache.catalina.startup.HostConfig.deployDirectory Déploiement du répertoire d'application web [C:\Users\sanou\Anouar-Sao\perso\poe_java\M2i\Formation\Web Services\RESSOURCES\apache-tomcat-9.0.54\apache-tomcat-9.0.54\webapps\ROOT]
11-Jul-2022 14:52:32.068 INFO [main] org.apache.catalina.startup.HostConfig.deployDirectory Le déploiement du répertoire [C:\Users\sanou\Anouar-Sao\perso\poe_java\M2i\Formation\Web Services\RESSOURCES\apache-tomcat-9.0.54\apache-tomcat-9.0.54\webapps\ROOT] de l'application web s'est terminé en [30] ms
11-Jul-2022 14:52:32.070 INFO [main] org.apache.coyote.AbstractProtocol.start Démarrage du gestionnaire de protocole ["http-nio-8080"]
11-Jul-2022 14:52:32.115 INFO [main] org.apache.catalina.startup.Catalina.start Le démarrage du serveur a pris [2258] millisecondes
11-Jul-2022 14:52:57.591 INFO [http-nio-8080-exec-6] org.apache.catalina.startup.HostConfig.deployDescriptor Déploiement du descripteur de configuration [C:\Users\sanou\Anouar-Sao\perso\poe_java\M2i\Formation\Web Services\RESSOURCES\apache-tomcat-9.0.54\apache-tomcat-9.0.54\conf\Catalina\localhost\JakartaDemo.xml]
11-Jul-2022 14:52:57.593 WARNING [http-nio-8080-exec-6] org.apache.catalina.startup.HostConfig.deployDescriptor L'attribut path avec la valeur [/JakartaDemo] dans le descripteur de déploiement [C:\Users\sanou\Anouar-Sao\perso\poe_java\M2i\Formation\Web Services\RESSOURCES\apache-tomcat-9.0.54\apache-tomcat-9.0.54\conf\Catalina\localhost\JakartaDemo.xml] a été ignoré
11-Jul-2022 14:53:00.903 INFO [http-nio-8080-exec-6] org.apache.jasper.servlet.TldScanner.scanJars Au moins un fichier JAR a été analysé pour trouver des TLDs mais il n'en contenait pas, le mode "debug" du journal peut être activé pour obtenir une liste complète de JAR scannés sans succès ; éviter d'analyser des JARs inutilement peut améliorer sensiblement le temps de démarrage et le temps de compilation des JSPs
11-Jul-2022 14:53:02.007 INFO [http-nio-8080-exec-6] org.apache.catalina.startup.HostConfig.deployDescriptor Le traitement du descripteur de déploiement [C:\Users\sanou\Anouar-Sao\perso\poe_java\M2i\Formation\Web Services\RESSOURCES\apache-tomcat-9.0.54\apache-tomcat-9.0.54\conf\Catalina\localhost\JakartaDemo.xml] a pris [4 415] ms
11-Jul-2022 14:53:02.009 INFO [http-nio-8080-exec-8] org.apache.catalina.util.LifecycleBase.start La méthode start() a été appelée sur le composant [StandardEngine[Catalina].StandardHost[localhost].StandardContext[/JakartaDemo]] après que start() ait déjà été appelé, le deuxième appel sera ignoré
11-Jul-2022 14:56:31.275 INFO [http-nio-8080-exec-8] org.apache.catalina.startup.HostConfig.undeploy Retrait de l'application web ayant pour chemin de contexte [/JakartaDemo]
11-Jul-2022 14:56:31.291 INFO [http-nio-8080-exec-5] org.apache.catalina.startup.HostConfig.deployDescriptor Déploiement du descripteur de configuration [C:\Users\sanou\Anouar-Sao\perso\poe_java\M2i\Formation\Web Services\RESSOURCES\apache-tomcat-9.0.54\apache-tomcat-9.0.54\conf\Catalina\localhost\JakartaDemo.xml]
11-Jul-2022 14:56:31.292 WARNING [http-nio-8080-exec-5] org.apache.catalina.startup.HostConfig.deployDescriptor L'attribut path avec la valeur [/JakartaDemo] dans le descripteur de déploiement [C:\Users\sanou\Anouar-Sao\perso\poe_java\M2i\Formation\Web Services\RESSOURCES\apache-tomcat-9.0.54\apache-tomcat-9.0.54\conf\Catalina\localhost\JakartaDemo.xml] a été ignoré
11-Jul-2022 14:56:32.274 INFO [http-nio-8080-exec-5] org.apache.jasper.servlet.TldScanner.scanJars Au moins un fichier JAR a été analysé pour trouver des TLDs mais il n'en contenait pas, le mode "debug" du journal peut être activé pour obtenir une liste complète de JAR scannés sans succès ; éviter d'analyser des JARs inutilement peut améliorer sensiblement le temps de démarrage et le temps de compilation des JSPs
11-Jul-2022 14:56:33.030 INFO [http-nio-8080-exec-5] org.apache.catalina.startup.HostConfig.deployDescriptor Le traitement du descripteur de déploiement [C:\Users\sanou\Anouar-Sao\perso\poe_java\M2i\Formation\Web Services\RESSOURCES\apache-tomcat-9.0.54\apache-tomcat-9.0.54\conf\Catalina\localhost\JakartaDemo.xml] a pris [1 739] ms
11-Jul-2022 14:56:33.033 INFO [http-nio-8080-exec-1] org.apache.catalina.util.LifecycleBase.start La méthode start() a été appelée sur le composant [StandardEngine[Catalina].StandardHost[localhost].StandardContext[/JakartaDemo]] après que start() ait déjà été appelé, le deuxième appel sera ignoré
11-Jul-2022 14:58:58.333 INFO [http-nio-8080-exec-19] org.apache.catalina.startup.HostConfig.undeploy Retrait de l'application web ayant pour chemin de contexte [/JakartaDemo]
11-Jul-2022 14:59:22.685 INFO [http-nio-8080-exec-18] org.apache.catalina.startup.HostConfig.deployDescriptor Déploiement du descripteur de configuration [C:\Users\sanou\Anouar-Sao\perso\poe_java\M2i\Formation\Web Services\RESSOURCES\apache-tomcat-9.0.54\apache-tomcat-9.0.54\conf\Catalina\localhost\JakartaDemo.xml]
11-Jul-2022 14:59:22.686 WARNING [http-nio-8080-exec-18] org.apache.catalina.startup.HostConfig.deployDescriptor L'attribut path avec la valeur [/JakartaDemo] dans le descripteur de déploiement [C:\Users\sanou\Anouar-Sao\perso\poe_java\M2i\Formation\Web Services\RESSOURCES\apache-tomcat-9.0.54\apache-tomcat-9.0.54\conf\Catalina\localhost\JakartaDemo.xml] a été ignoré
11-Jul-2022 14:59:23.648 INFO [http-nio-8080-exec-18] org.apache.jasper.servlet.TldScanner.scanJars Au moins un fichier JAR a été analysé pour trouver des TLDs mais il n'en contenait pas, le mode "debug" du journal peut être activé pour obtenir une liste complète de JAR scannés sans succès ; éviter d'analyser des JARs inutilement peut améliorer sensiblement le temps de démarrage et le temps de compilation des JSPs
11-Jul-2022 14:59:24.448 INFO [http-nio-8080-exec-18] org.apache.catalina.startup.HostConfig.deployDescriptor Le traitement du descripteur de déploiement [C:\Users\sanou\Anouar-Sao\perso\poe_java\M2i\Formation\Web Services\RESSOURCES\apache-tomcat-9.0.54\apache-tomcat-9.0.54\conf\Catalina\localhost\JakartaDemo.xml] a pris [1 763] ms
11-Jul-2022 14:59:24.450 INFO [http-nio-8080-exec-10] org.apache.catalina.util.LifecycleBase.start La méthode start() a été appelée sur le composant [StandardEngine[Catalina].StandardHost[localhost].StandardContext[/JakartaDemo]] après que start() ait déjà été appelé, le deuxième appel sera ignoré
11-Jul-2022 15:04:12.929 INFO [main] org.apache.catalina.core.StandardServer.await Une commande d'arrêt valide a été reçue sur le port d'arrêt, arrêt de l'instance du serveur
11-Jul-2022 15:04:12.930 INFO [main] org.apache.coyote.AbstractProtocol.pause Le gestionnaire de protocole ["http-nio-8080"] est mis en pause
11-Jul-2022 15:04:12.944 INFO [main] org.apache.catalina.core.StandardService.stopInternal Arrêt du service [Catalina]
11-Jul-2022 15:04:13.012 INFO [main] org.apache.coyote.AbstractProtocol.stop Arrêt du gestionnaire de protocole ["http-nio-8080"]
11-Jul-2022 15:04:13.067 INFO [main] org.apache.coyote.AbstractProtocol.destroy Destruction du gestionnaire de protocole ["http-nio-8080"]
11-Jul-2022 15:05:13.936 INFO [main] org.apache.catalina.startup.VersionLoggerListener.log Nom version serveur :              Apache Tomcat/9.0.54
11-Jul-2022 15:05:13.941 INFO [main] org.apache.catalina.startup.VersionLoggerListener.log Serveur compilé :                  Sep 28 2021 13:51:49 UTC
11-Jul-2022 15:05:13.941 INFO [main] org.apache.catalina.startup.VersionLoggerListener.log Version du serveur :               9.0.54.0
11-Jul-2022 15:05:13.942 INFO [main] org.apache.catalina.startup.VersionLoggerListener.log Nom de l'OS :                      Windows 11
11-Jul-2022 15:05:13.942 INFO [main] org.apache.catalina.startup.VersionLoggerListener.log Version OS :                       10.0
11-Jul-2022 15:05:13.942 INFO [main] org.apache.catalina.startup.VersionLoggerListener.log Architecture :                     amd64
11-Jul-2022 15:05:13.942 INFO [main] org.apache.catalina.startup.VersionLoggerListener.log Java Home :                        C:\Program Files\Java\jdk-18.0.1.1
11-Jul-2022 15:05:13.942 INFO [main] org.apache.catalina.startup.VersionLoggerListener.log Version JVM :                      18.0.1.1+2-6
11-Jul-2022 15:05:13.942 INFO [main] org.apache.catalina.startup.VersionLoggerListener.log Fournisseur de la JVM :            Oracle Corporation
11-Jul-2022 15:05:13.942 INFO [main] org.apache.catalina.startup.VersionLoggerListener.log CATALINA_BASE :                    C:\Users\sanou\Anouar-Sao\perso\poe_java\M2i\Formation\Web Services\RESSOURCES\apache-tomcat-9.0.54\apache-tomcat-9.0.54
11-Jul-2022 15:05:13.942 INFO [main] org.apache.catalina.startup.VersionLoggerListener.log CATALINA_HOME :                    C:\Users\sanou\Anouar-Sao\perso\poe_java\M2i\Formation\Web Services\RESSOURCES\apache-tomcat-9.0.54\apache-tomcat-9.0.54
11-Jul-2022 15:05:13.961 INFO [main] org.apache.catalina.startup.VersionLoggerListener.log Argument de la ligne de commande : --add-opens=java.base/java.lang=ALL-UNNAMED
11-Jul-2022 15:05:13.961 INFO [main] org.apache.catalina.startup.VersionLoggerListener.log Argument de la ligne de commande : --add-opens=java.base/java.io=ALL-UNNAMED
11-Jul-2022 15:05:13.961 INFO [main] org.apache.catalina.startup.VersionLoggerListener.log Argument de la ligne de commande : --add-opens=java.base/java.util=ALL-UNNAMED
11-Jul-2022 15:05:13.961 INFO [main] org.apache.catalina.startup.VersionLoggerListener.log Argument de la ligne de commande : --add-opens=java.base/java.util.concurrent=ALL-UNNAMED
11-Jul-2022 15:05:13.961 INFO [main] org.apache.catalina.startup.VersionLoggerListener.log Argument de la ligne de commande : --add-opens=java.rmi/sun.rmi.transport=ALL-UNNAMED
11-Jul-2022 15:05:13.961 INFO [main] org.apache.catalina.startup.VersionLoggerListener.log Argument de la ligne de commande : -Djava.util.logging.config.file=C:\Users\sanou\Anouar-Sao\perso\poe_java\M2i\Formation\Web Services\RESSOURCES\apache-tomcat-9.0.54\apache-tomcat-9.0.54\conf\logging.properties
11-Jul-2022 15:05:13.961 INFO [main] org.apache.catalina.startup.VersionLoggerListener.log Argument de la ligne de commande : -Djava.util.logging.manager=org.apache.juli.ClassLoaderLogManager
11-Jul-2022 15:05:13.962 INFO [main] org.apache.catalina.startup.VersionLoggerListener.log Argument de la ligne de commande : -Dhttp.nonProxyHosts=localhost|127.0.0.1|Anouar-Sao
11-Jul-2022 15:05:13.966 INFO [main] org.apache.catalina.startup.VersionLoggerListener.log Argument de la ligne de commande : -Djdk.tls.ephemeralDHKeySize=2048
11-Jul-2022 15:05:13.966 INFO [main] org.apache.catalina.startup.VersionLoggerListener.log Argument de la ligne de commande : -Djava.protocol.handler.pkgs=org.apache.catalina.webresources
11-Jul-2022 15:05:13.966 INFO [main] org.apache.catalina.startup.VersionLoggerListener.log Argument de la ligne de commande : -Dignore.endorsed.dirs=
11-Jul-2022 15:05:13.966 INFO [main] org.apache.catalina.startup.VersionLoggerListener.log Argument de la ligne de commande : -Dcatalina.base=C:\Users\sanou\Anouar-Sao\perso\poe_java\M2i\Formation\Web Services\RESSOURCES\apache-tomcat-9.0.54\apache-tomcat-9.0.54
11-Jul-2022 15:05:13.966 INFO [main] org.apache.catalina.startup.VersionLoggerListener.log Argument de la ligne de commande : -Dcatalina.home=C:\Users\sanou\Anouar-Sao\perso\poe_java\M2i\Formation\Web Services\RESSOURCES\apache-tomcat-9.0.54\apache-tomcat-9.0.54
11-Jul-2022 15:05:13.990 INFO [main] org.apache.catalina.startup.VersionLoggerListener.log Argument de la ligne de commande : -Djava.io.tmpdir=C:\Users\sanou\Anouar-Sao\perso\poe_java\M2i\Formation\Web Services\RESSOURCES\apache-tomcat-9.0.54\apache-tomcat-9.0.54\temp
11-Jul-2022 15:05:13.994 INFO [main] org.apache.catalina.core.AprLifecycleListener.lifecycleEvent La librairie Apache Tomcat Native basée sur APR qui permet des performances optimales dans les environnements de production n'a pas été trouvée sur le java.library.path : [C:\Program Files\Java\jdk-18.0.1.1\bin;C:\WINDOWS\Sun\Java\bin;C:\WINDOWS\system32;C:\WINDOWS;C:\Program Files\Common Files\Oracle\Java\javapath;C:\WINDOWS\system32;C:\WINDOWS;C:\WINDOWS\System32\Wbem;C:\WINDOWS\System32\WindowsPowerShell\v1.0\;C:\WINDOWS\System32\OpenSSH\;C:\Program Files\Git\cmd;C:\Program Files\Docker\Docker\resources\bin;C:\ProgramData\DockerDesktop\version-bin;C:\Users\sanou\AppData\Local\Microsoft\WindowsApps;;C:\Users\sanou\AppData\Local\Programs\Microsoft VS Code\bin;.]
11-Jul-2022 15:05:14.351 INFO [main] org.apache.coyote.AbstractProtocol.init Initialisation du gestionnaire de protocole ["http-nio-8080"]
11-Jul-2022 15:05:14.374 INFO [main] org.apache.catalina.startup.Catalina.load L'initialisation du serveur a pris [686] millisecondes
11-Jul-2022 15:05:14.415 INFO [main] org.apache.catalina.core.StandardService.startInternal Démarrage du service [Catalina]
11-Jul-2022 15:05:14.415 INFO [main] org.apache.catalina.core.StandardEngine.startInternal Démarrage du moteur de Servlets : [Apache Tomcat/9.0.54]
11-Jul-2022 15:05:14.422 INFO [main] org.apache.catalina.startup.HostConfig.deployDescriptor Déploiement du descripteur de configuration [C:\Users\sanou\Anouar-Sao\perso\poe_java\M2i\Formation\Web Services\RESSOURCES\apache-tomcat-9.0.54\apache-tomcat-9.0.54\conf\Catalina\localhost\JakartaDemo.xml]
11-Jul-2022 15:05:14.435 WARNING [main] org.apache.catalina.startup.HostConfig.deployDescriptor L'attribut path avec la valeur [/JakartaDemo] dans le descripteur de déploiement [C:\Users\sanou\Anouar-Sao\perso\poe_java\M2i\Formation\Web Services\RESSOURCES\apache-tomcat-9.0.54\apache-tomcat-9.0.54\conf\Catalina\localhost\JakartaDemo.xml] a été ignoré
11-Jul-2022 15:05:15.897 INFO [main] org.apache.jasper.servlet.TldScanner.scanJars Au moins un fichier JAR a été analysé pour trouver des TLDs mais il n'en contenait pas, le mode "debug" du journal peut être activé pour obtenir une liste complète de JAR scannés sans succès ; éviter d'analyser des JARs inutilement peut améliorer sensiblement le temps de démarrage et le temps de compilation des JSPs
11-Jul-2022 15:05:17.116 INFO [main] org.apache.catalina.startup.HostConfig.deployDescriptor Le traitement du descripteur de déploiement [C:\Users\sanou\Anouar-Sao\perso\poe_java\M2i\Formation\Web Services\RESSOURCES\apache-tomcat-9.0.54\apache-tomcat-9.0.54\conf\Catalina\localhost\JakartaDemo.xml] a pris [2 693] ms
11-Jul-2022 15:05:17.118 INFO [main] org.apache.catalina.startup.HostConfig.deployDirectory Déploiement du répertoire d'application web [C:\Users\sanou\Anouar-Sao\perso\poe_java\M2i\Formation\Web Services\RESSOURCES\apache-tomcat-9.0.54\apache-tomcat-9.0.54\webapps\docs]
11-Jul-2022 15:05:17.156 INFO [main] org.apache.catalina.startup.HostConfig.deployDirectory Le déploiement du répertoire [C:\Users\sanou\Anouar-Sao\perso\poe_java\M2i\Formation\Web Services\RESSOURCES\apache-tomcat-9.0.54\apache-tomcat-9.0.54\webapps\docs] de l'application web s'est terminé en [38] ms
11-Jul-2022 15:05:17.157 INFO [main] org.apache.catalina.startup.HostConfig.deployDirectory Déploiement du répertoire d'application web [C:\Users\sanou\Anouar-Sao\perso\poe_java\M2i\Formation\Web Services\RESSOURCES\apache-tomcat-9.0.54\apache-tomcat-9.0.54\webapps\examples]
11-Jul-2022 15:05:17.704 INFO [main] org.apache.catalina.startup.HostConfig.deployDirectory Le déploiement du répertoire [C:\Users\sanou\Anouar-Sao\perso\poe_java\M2i\Formation\Web Services\RESSOURCES\apache-tomcat-9.0.54\apache-tomcat-9.0.54\webapps\examples] de l'application web s'est terminé en [547] ms
11-Jul-2022 15:05:17.704 INFO [main] org.apache.catalina.startup.HostConfig.deployDirectory Déploiement du répertoire d'application web [C:\Users\sanou\Anouar-Sao\perso\poe_java\M2i\Formation\Web Services\RESSOURCES\apache-tomcat-9.0.54\apache-tomcat-9.0.54\webapps\host-manager]
11-Jul-2022 15:05:17.775 INFO [main] org.apache.catalina.startup.HostConfig.deployDirectory Le déploiement du répertoire [C:\Users\sanou\Anouar-Sao\perso\poe_java\M2i\Formation\Web Services\RESSOURCES\apache-tomcat-9.0.54\apache-tomcat-9.0.54\webapps\host-manager] de l'application web s'est terminé en [71] ms
11-Jul-2022 15:05:17.776 INFO [main] org.apache.catalina.startup.HostConfig.deployDirectory Déploiement du répertoire d'application web [C:\Users\sanou\Anouar-Sao\perso\poe_java\M2i\Formation\Web Services\RESSOURCES\apache-tomcat-9.0.54\apache-tomcat-9.0.54\webapps\manager]
11-Jul-2022 15:05:17.845 INFO [main] org.apache.catalina.startup.HostConfig.deployDirectory Le déploiement du répertoire [C:\Users\sanou\Anouar-Sao\perso\poe_java\M2i\Formation\Web Services\RESSOURCES\apache-tomcat-9.0.54\apache-tomcat-9.0.54\webapps\manager] de l'application web s'est terminé en [69] ms
11-Jul-2022 15:05:17.845 INFO [main] org.apache.catalina.startup.HostConfig.deployDirectory Déploiement du répertoire d'application web [C:\Users\sanou\Anouar-Sao\perso\poe_java\M2i\Formation\Web Services\RESSOURCES\apache-tomcat-9.0.54\apache-tomcat-9.0.54\webapps\ROOT]
11-Jul-2022 15:05:17.874 INFO [main] org.apache.catalina.startup.HostConfig.deployDirectory Le déploiement du répertoire [C:\Users\sanou\Anouar-Sao\perso\poe_java\M2i\Formation\Web Services\RESSOURCES\apache-tomcat-9.0.54\apache-tomcat-9.0.54\webapps\ROOT] de l'application web s'est terminé en [29] ms
11-Jul-2022 15:05:17.878 INFO [main] org.apache.coyote.AbstractProtocol.start Démarrage du gestionnaire de protocole ["http-nio-8080"]
11-Jul-2022 15:05:17.931 INFO [main] org.apache.catalina.startup.Catalina.start Le démarrage du serveur a pris [3556] millisecondes
11-Jul-2022 15:05:20.580 INFO [http-nio-8080-exec-10] org.apache.catalina.startup.HostConfig.undeploy Retrait de l'application web ayant pour chemin de contexte [/JakartaDemo]
11-Jul-2022 15:05:20.619 INFO [http-nio-8080-exec-8] org.apache.catalina.startup.HostConfig.deployDescriptor Déploiement du descripteur de configuration [C:\Users\sanou\Anouar-Sao\perso\poe_java\M2i\Formation\Web Services\RESSOURCES\apache-tomcat-9.0.54\apache-tomcat-9.0.54\conf\Catalina\localhost\JakartaDemo.xml]
11-Jul-2022 15:05:20.620 WARNING [http-nio-8080-exec-8] org.apache.catalina.startup.HostConfig.deployDescriptor L'attribut path avec la valeur [/JakartaDemo] dans le descripteur de déploiement [C:\Users\sanou\Anouar-Sao\perso\poe_java\M2i\Formation\Web Services\RESSOURCES\apache-tomcat-9.0.54\apache-tomcat-9.0.54\conf\Catalina\localhost\JakartaDemo.xml] a été ignoré
11-Jul-2022 15:05:22.058 INFO [http-nio-8080-exec-8] org.apache.jasper.servlet.TldScanner.scanJars Au moins un fichier JAR a été analysé pour trouver des TLDs mais il n'en contenait pas, le mode "debug" du journal peut être activé pour obtenir une liste complète de JAR scannés sans succès ; éviter d'analyser des JARs inutilement peut améliorer sensiblement le temps de démarrage et le temps de compilation des JSPs
11-Jul-2022 15:05:22.979 INFO [http-nio-8080-exec-8] org.apache.catalina.startup.HostConfig.deployDescriptor Le traitement du descripteur de déploiement [C:\Users\sanou\Anouar-Sao\perso\poe_java\M2i\Formation\Web Services\RESSOURCES\apache-tomcat-9.0.54\apache-tomcat-9.0.54\conf\Catalina\localhost\JakartaDemo.xml] a pris [2 359] ms
11-Jul-2022 15:05:22.982 INFO [http-nio-8080-exec-5] org.apache.catalina.util.LifecycleBase.start La méthode start() a été appelée sur le composant [StandardEngine[Catalina].StandardHost[localhost].StandardContext[/JakartaDemo]] après que start() ait déjà été appelé, le deuxième appel sera ignoré
11-Jul-2022 15:08:22.796 INFO [http-nio-8080-exec-12] org.apache.catalina.core.StandardContext.reload Le rechargement du contexte [/JakartaDemo] a démarré
11-Jul-2022 15:08:23.896 INFO [http-nio-8080-exec-12] org.apache.jasper.servlet.TldScanner.scanJars Au moins un fichier JAR a été analysé pour trouver des TLDs mais il n'en contenait pas, le mode "debug" du journal peut être activé pour obtenir une liste complète de JAR scannés sans succès ; éviter d'analyser des JARs inutilement peut améliorer sensiblement le temps de démarrage et le temps de compilation des JSPs
11-Jul-2022 15:08:24.674 INFO [http-nio-8080-exec-12] org.apache.catalina.core.StandardContext.reload Le rechargement de ce contexte est terminé
11-Jul-2022 15:14:22.780 INFO [http-nio-8080-exec-18] org.apache.catalina.startup.HostConfig.undeploy Retrait de l'application web ayant pour chemin de contexte [/JakartaDemo]
11-Jul-2022 15:20:35.558 INFO [http-nio-8080-exec-35] org.apache.catalina.startup.HostConfig.deployDescriptor Déploiement du descripteur de configuration [C:\Users\sanou\Anouar-Sao\perso\poe_java\M2i\Formation\Web Services\RESSOURCES\apache-tomcat-9.0.54\apache-tomcat-9.0.54\conf\Catalina\localhost\JakartaDemo.xml]
11-Jul-2022 15:20:35.560 WARNING [http-nio-8080-exec-35] org.apache.catalina.startup.HostConfig.deployDescriptor L'attribut path avec la valeur [/JakartaDemo] dans le descripteur de déploiement [C:\Users\sanou\Anouar-Sao\perso\poe_java\M2i\Formation\Web Services\RESSOURCES\apache-tomcat-9.0.54\apache-tomcat-9.0.54\conf\Catalina\localhost\JakartaDemo.xml] a été ignoré
11-Jul-2022 15:20:36.461 INFO [http-nio-8080-exec-35] org.apache.jasper.servlet.TldScanner.scanJars Au moins un fichier JAR a été analysé pour trouver des TLDs mais il n'en contenait pas, le mode "debug" du journal peut être activé pour obtenir une liste complète de JAR scannés sans succès ; éviter d'analyser des JARs inutilement peut améliorer sensiblement le temps de démarrage et le temps de compilation des JSPs
11-Jul-2022 15:20:37.170 INFO [http-nio-8080-exec-35] org.apache.catalina.startup.HostConfig.deployDescriptor Le traitement du descripteur de déploiement [C:\Users\sanou\Anouar-Sao\perso\poe_java\M2i\Formation\Web Services\RESSOURCES\apache-tomcat-9.0.54\apache-tomcat-9.0.54\conf\Catalina\localhost\JakartaDemo.xml] a pris [1 611] ms
11-Jul-2022 15:20:37.173 INFO [http-nio-8080-exec-38] org.apache.catalina.util.LifecycleBase.start La méthode start() a été appelée sur le composant [StandardEngine[Catalina].StandardHost[localhost].StandardContext[/JakartaDemo]] après que start() ait déjà été appelé, le deuxième appel sera ignoré
11-Jul-2022 15:55:30.640 INFO [main] org.apache.catalina.startup.VersionLoggerListener.log Nom version serveur :              Apache Tomcat/9.0.54
11-Jul-2022 15:55:30.642 INFO [main] org.apache.catalina.startup.VersionLoggerListener.log Serveur compilé :                  Sep 28 2021 13:51:49 UTC
11-Jul-2022 15:55:30.642 INFO [main] org.apache.catalina.startup.VersionLoggerListener.log Version du serveur :               9.0.54.0
11-Jul-2022 15:55:30.642 INFO [main] org.apache.catalina.startup.VersionLoggerListener.log Nom de l'OS :                      Windows 11
11-Jul-2022 15:55:30.642 INFO [main] org.apache.catalina.startup.VersionLoggerListener.log Version OS :                       10.0
11-Jul-2022 15:55:30.642 INFO [main] org.apache.catalina.startup.VersionLoggerListener.log Architecture :                     amd64
11-Jul-2022 15:55:30.642 INFO [main] org.apache.catalina.startup.VersionLoggerListener.log Java Home :                        C:\Program Files\Java\jdk-18.0.1.1
11-Jul-2022 15:55:30.642 INFO [main] org.apache.catalina.startup.VersionLoggerListener.log Version JVM :                      18.0.1.1+2-6
11-Jul-2022 15:55:30.643 INFO [main] org.apache.catalina.startup.VersionLoggerListener.log Fournisseur de la JVM :            Oracle Corporation
11-Jul-2022 15:55:30.643 INFO [main] org.apache.catalina.startup.VersionLoggerListener.log CATALINA_BASE :                    C:\Users\sanou\Anouar-Sao\perso\poe_java\M2i\Formation\Web Services\RESSOURCES\apache-tomcat-9.0.54\apache-tomcat-9.0.54
11-Jul-2022 15:55:30.643 INFO [main] org.apache.catalina.startup.VersionLoggerListener.log CATALINA_HOME :                    C:\Users\sanou\Anouar-Sao\perso\poe_java\M2i\Formation\Web Services\RESSOURCES\apache-tomcat-9.0.54\apache-tomcat-9.0.54
11-Jul-2022 15:55:30.651 INFO [main] org.apache.catalina.startup.VersionLoggerListener.log Argument de la ligne de commande : --add-opens=java.base/java.lang=ALL-UNNAMED
11-Jul-2022 15:55:30.651 INFO [main] org.apache.catalina.startup.VersionLoggerListener.log Argument de la ligne de commande : --add-opens=java.base/java.io=ALL-UNNAMED
11-Jul-2022 15:55:30.651 INFO [main] org.apache.catalina.startup.VersionLoggerListener.log Argument de la ligne de commande : --add-opens=java.base/java.util=ALL-UNNAMED
11-Jul-2022 15:55:30.651 INFO [main] org.apache.catalina.startup.VersionLoggerListener.log Argument de la ligne de commande : --add-opens=java.base/java.util.concurrent=ALL-UNNAMED
11-Jul-2022 15:55:30.651 INFO [main] org.apache.catalina.startup.VersionLoggerListener.log Argument de la ligne de commande : --add-opens=java.rmi/sun.rmi.transport=ALL-UNNAMED
11-Jul-2022 15:55:30.651 INFO [main] org.apache.catalina.startup.VersionLoggerListener.log Argument de la ligne de commande : -Djava.util.logging.config.file=C:\Users\sanou\Anouar-Sao\perso\poe_java\M2i\Formation\Web Services\RESSOURCES\apache-tomcat-9.0.54\apache-tomcat-9.0.54\conf\logging.properties
11-Jul-2022 15:55:30.651 INFO [main] org.apache.catalina.startup.VersionLoggerListener.log Argument de la ligne de commande : -Djava.util.logging.manager=org.apache.juli.ClassLoaderLogManager
11-Jul-2022 15:55:30.651 INFO [main] org.apache.catalina.startup.VersionLoggerListener.log Argument de la ligne de commande : -Dhttp.nonProxyHosts=localhost|127.0.0.1|Anouar-Sao
11-Jul-2022 15:55:30.651 INFO [main] org.apache.catalina.startup.VersionLoggerListener.log Argument de la ligne de commande : -Djdk.tls.ephemeralDHKeySize=2048
11-Jul-2022 15:55:30.651 INFO [main] org.apache.catalina.startup.VersionLoggerListener.log Argument de la ligne de commande : -Djava.protocol.handler.pkgs=org.apache.catalina.webresources
11-Jul-2022 15:55:30.651 INFO [main] org.apache.catalina.startup.VersionLoggerListener.log Argument de la ligne de commande : -Dignore.endorsed.dirs=
11-Jul-2022 15:55:30.652 INFO [main] org.apache.catalina.startup.VersionLoggerListener.log Argument de la ligne de commande : -Dcatalina.base=C:\Users\sanou\Anouar-Sao\perso\poe_java\M2i\Formation\Web Services\RESSOURCES\apache-tomcat-9.0.54\apache-tomcat-9.0.54
11-Jul-2022 15:55:30.652 INFO [main] org.apache.catalina.startup.VersionLoggerListener.log Argument de la ligne de commande : -Dcatalina.home=C:\Users\sanou\Anouar-Sao\perso\poe_java\M2i\Formation\Web Services\RESSOURCES\apache-tomcat-9.0.54\apache-tomcat-9.0.54
11-Jul-2022 15:55:30.652 INFO [main] org.apache.catalina.startup.VersionLoggerListener.log Argument de la ligne de commande : -Djava.io.tmpdir=C:\Users\sanou\Anouar-Sao\perso\poe_java\M2i\Formation\Web Services\RESSOURCES\apache-tomcat-9.0.54\apache-tomcat-9.0.54\temp
11-Jul-2022 15:55:30.654 INFO [main] org.apache.catalina.core.AprLifecycleListener.lifecycleEvent La librairie Apache Tomcat Native basée sur APR qui permet des performances optimales dans les environnements de production n'a pas été trouvée sur le java.library.path : [C:\Program Files\Java\jdk-18.0.1.1\bin;C:\WINDOWS\Sun\Java\bin;C:\WINDOWS\system32;C:\WINDOWS;C:\Program Files\Common Files\Oracle\Java\javapath;C:\WINDOWS\system32;C:\WINDOWS;C:\WINDOWS\System32\Wbem;C:\WINDOWS\System32\WindowsPowerShell\v1.0\;C:\WINDOWS\System32\OpenSSH\;C:\Program Files\Git\cmd;C:\Program Files\Docker\Docker\resources\bin;C:\ProgramData\DockerDesktop\version-bin;C:\Users\sanou\AppData\Local\Microsoft\WindowsApps;;C:\Users\sanou\AppData\Local\Programs\Microsoft VS Code\bin;.]
11-Jul-2022 15:55:30.909 INFO [main] org.apache.coyote.AbstractProtocol.init Initialisation du gestionnaire de protocole ["http-nio-8080"]
11-Jul-2022 15:55:30.933 INFO [main] org.apache.catalina.startup.Catalina.load L'initialisation du serveur a pris [461] millisecondes
11-Jul-2022 15:55:30.979 INFO [main] org.apache.catalina.core.StandardService.startInternal Démarrage du service [Catalina]
11-Jul-2022 15:55:30.979 INFO [main] org.apache.catalina.core.StandardEngine.startInternal Démarrage du moteur de Servlets : [Apache Tomcat/9.0.54]
11-Jul-2022 15:55:30.986 INFO [main] org.apache.catalina.startup.HostConfig.deployDescriptor Déploiement du descripteur de configuration [C:\Users\sanou\Anouar-Sao\perso\poe_java\M2i\Formation\Web Services\RESSOURCES\apache-tomcat-9.0.54\apache-tomcat-9.0.54\conf\Catalina\localhost\JakartaDemo.xml]
11-Jul-2022 15:55:30.996 WARNING [main] org.apache.catalina.startup.HostConfig.deployDescriptor L'attribut path avec la valeur [/JakartaDemo] dans le descripteur de déploiement [C:\Users\sanou\Anouar-Sao\perso\poe_java\M2i\Formation\Web Services\RESSOURCES\apache-tomcat-9.0.54\apache-tomcat-9.0.54\conf\Catalina\localhost\JakartaDemo.xml] a été ignoré
11-Jul-2022 15:55:32.154 INFO [main] org.apache.jasper.servlet.TldScanner.scanJars Au moins un fichier JAR a été analysé pour trouver des TLDs mais il n'en contenait pas, le mode "debug" du journal peut être activé pour obtenir une liste complète de JAR scannés sans succès ; éviter d'analyser des JARs inutilement peut améliorer sensiblement le temps de démarrage et le temps de compilation des JSPs
11-Jul-2022 15:55:33.087 INFO [main] org.apache.catalina.startup.HostConfig.deployDescriptor Le traitement du descripteur de déploiement [C:\Users\sanou\Anouar-Sao\perso\poe_java\M2i\Formation\Web Services\RESSOURCES\apache-tomcat-9.0.54\apache-tomcat-9.0.54\conf\Catalina\localhost\JakartaDemo.xml] a pris [2 100] ms
11-Jul-2022 15:55:33.089 INFO [main] org.apache.catalina.startup.HostConfig.deployDirectory Déploiement du répertoire d'application web [C:\Users\sanou\Anouar-Sao\perso\poe_java\M2i\Formation\Web Services\RESSOURCES\apache-tomcat-9.0.54\apache-tomcat-9.0.54\webapps\docs]
11-Jul-2022 15:55:33.121 INFO [main] org.apache.catalina.startup.HostConfig.deployDirectory Le déploiement du répertoire [C:\Users\sanou\Anouar-Sao\perso\poe_java\M2i\Formation\Web Services\RESSOURCES\apache-tomcat-9.0.54\apache-tomcat-9.0.54\webapps\docs] de l'application web s'est terminé en [32] ms
11-Jul-2022 15:55:33.121 INFO [main] org.apache.catalina.startup.HostConfig.deployDirectory Déploiement du répertoire d'application web [C:\Users\sanou\Anouar-Sao\perso\poe_java\M2i\Formation\Web Services\RESSOURCES\apache-tomcat-9.0.54\apache-tomcat-9.0.54\webapps\examples]
11-Jul-2022 15:55:33.582 INFO [main] org.apache.catalina.startup.HostConfig.deployDirectory Le déploiement du répertoire [C:\Users\sanou\Anouar-Sao\perso\poe_java\M2i\Formation\Web Services\RESSOURCES\apache-tomcat-9.0.54\apache-tomcat-9.0.54\webapps\examples] de l'application web s'est terminé en [461] ms
11-Jul-2022 15:55:33.582 INFO [main] org.apache.catalina.startup.HostConfig.deployDirectory Déploiement du répertoire d'application web [C:\Users\sanou\Anouar-Sao\perso\poe_java\M2i\Formation\Web Services\RESSOURCES\apache-tomcat-9.0.54\apache-tomcat-9.0.54\webapps\host-manager]
11-Jul-2022 15:55:33.635 INFO [main] org.apache.catalina.startup.HostConfig.deployDirectory Le déploiement du répertoire [C:\Users\sanou\Anouar-Sao\perso\poe_java\M2i\Formation\Web Services\RESSOURCES\apache-tomcat-9.0.54\apache-tomcat-9.0.54\webapps\host-manager] de l'application web s'est terminé en [53] ms
11-Jul-2022 15:55:33.635 INFO [main] org.apache.catalina.startup.HostConfig.deployDirectory Déploiement du répertoire d'application web [C:\Users\sanou\Anouar-Sao\perso\poe_java\M2i\Formation\Web Services\RESSOURCES\apache-tomcat-9.0.54\apache-tomcat-9.0.54\webapps\manager]
11-Jul-2022 15:55:33.689 INFO [main] org.apache.catalina.startup.HostConfig.deployDirectory Le déploiement du répertoire [C:\Users\sanou\Anouar-Sao\perso\poe_java\M2i\Formation\Web Services\RESSOURCES\apache-tomcat-9.0.54\apache-tomcat-9.0.54\webapps\manager] de l'application web s'est terminé en [54] ms
11-Jul-2022 15:55:33.690 INFO [main] org.apache.catalina.startup.HostConfig.deployDirectory Déploiement du répertoire d'application web [C:\Users\sanou\Anouar-Sao\perso\poe_java\M2i\Formation\Web Services\RESSOURCES\apache-tomcat-9.0.54\apache-tomcat-9.0.54\webapps\ROOT]
11-Jul-2022 15:55:33.720 INFO [main] org.apache.catalina.startup.HostConfig.deployDirectory Le déploiement du répertoire [C:\Users\sanou\Anouar-Sao\perso\poe_java\M2i\Formation\Web Services\RESSOURCES\apache-tomcat-9.0.54\apache-tomcat-9.0.54\webapps\ROOT] de l'application web s'est terminé en [30] ms
11-Jul-2022 15:55:33.723 INFO [main] org.apache.coyote.AbstractProtocol.start Démarrage du gestionnaire de protocole ["http-nio-8080"]
11-Jul-2022 15:55:33.773 INFO [main] org.apache.catalina.startup.Catalina.start Le démarrage du serveur a pris [2840] millisecondes
11-Jul-2022 15:55:36.587 INFO [http-nio-8080-exec-10] org.apache.catalina.startup.HostConfig.undeploy Retrait de l'application web ayant pour chemin de contexte [/JakartaDemo]
11-Jul-2022 15:55:36.612 INFO [http-nio-8080-exec-6] org.apache.catalina.startup.HostConfig.deployDescriptor Déploiement du descripteur de configuration [C:\Users\sanou\Anouar-Sao\perso\poe_java\M2i\Formation\Web Services\RESSOURCES\apache-tomcat-9.0.54\apache-tomcat-9.0.54\conf\Catalina\localhost\JakartaDemo.xml]
11-Jul-2022 15:55:36.613 WARNING [http-nio-8080-exec-6] org.apache.catalina.startup.HostConfig.deployDescriptor L'attribut path avec la valeur [/JakartaDemo] dans le descripteur de déploiement [C:\Users\sanou\Anouar-Sao\perso\poe_java\M2i\Formation\Web Services\RESSOURCES\apache-tomcat-9.0.54\apache-tomcat-9.0.54\conf\Catalina\localhost\JakartaDemo.xml] a été ignoré
11-Jul-2022 15:55:37.563 INFO [http-nio-8080-exec-6] org.apache.jasper.servlet.TldScanner.scanJars Au moins un fichier JAR a été analysé pour trouver des TLDs mais il n'en contenait pas, le mode "debug" du journal peut être activé pour obtenir une liste complète de JAR scannés sans succès ; éviter d'analyser des JARs inutilement peut améliorer sensiblement le temps de démarrage et le temps de compilation des JSPs
11-Jul-2022 15:55:38.393 INFO [http-nio-8080-exec-6] org.apache.catalina.startup.HostConfig.deployDescriptor Le traitement du descripteur de déploiement [C:\Users\sanou\Anouar-Sao\perso\poe_java\M2i\Formation\Web Services\RESSOURCES\apache-tomcat-9.0.54\apache-tomcat-9.0.54\conf\Catalina\localhost\JakartaDemo.xml] a pris [1 781] ms
11-Jul-2022 15:55:38.397 INFO [http-nio-8080-exec-4] org.apache.catalina.util.LifecycleBase.start La méthode start() a été appelée sur le composant [StandardEngine[Catalina].StandardHost[localhost].StandardContext[/JakartaDemo]] après que start() ait déjà été appelé, le deuxième appel sera ignoré
11-Jul-2022 16:13:15.479 INFO [http-nio-8080-exec-16] org.apache.catalina.startup.HostConfig.undeploy Retrait de l'application web ayant pour chemin de contexte [/JakartaDemo]
11-Jul-2022 16:13:16.005 INFO [Catalina-utility-1] org.apache.catalina.startup.HostConfig.undeploy Retrait de l'application web ayant pour chemin de contexte [/JakartaDemo]
11-Jul-2022 16:13:20.448 INFO [http-nio-8080-exec-21] org.apache.catalina.startup.HostConfig.deployDescriptor Déploiement du descripteur de configuration [C:\Users\sanou\Anouar-Sao\perso\poe_java\M2i\Formation\Web Services\RESSOURCES\apache-tomcat-9.0.54\apache-tomcat-9.0.54\conf\Catalina\localhost\JakartaDemo.xml]
11-Jul-2022 16:13:20.452 WARNING [http-nio-8080-exec-21] org.apache.catalina.startup.HostConfig.deployDescriptor L'attribut path avec la valeur [/JakartaDemo] dans le descripteur de déploiement [C:\Users\sanou\Anouar-Sao\perso\poe_java\M2i\Formation\Web Services\RESSOURCES\apache-tomcat-9.0.54\apache-tomcat-9.0.54\conf\Catalina\localhost\JakartaDemo.xml] a été ignoré
11-Jul-2022 16:13:22.124 INFO [http-nio-8080-exec-21] org.apache.jasper.servlet.TldScanner.scanJars Au moins un fichier JAR a été analysé pour trouver des TLDs mais il n'en contenait pas, le mode "debug" du journal peut être activé pour obtenir une liste complète de JAR scannés sans succès ; éviter d'analyser des JARs inutilement peut améliorer sensiblement le temps de démarrage et le temps de compilation des JSPs
11-Jul-2022 16:13:23.273 INFO [http-nio-8080-exec-21] org.apache.catalina.startup.HostConfig.deployDescriptor Le traitement du descripteur de déploiement [C:\Users\sanou\Anouar-Sao\perso\poe_java\M2i\Formation\Web Services\RESSOURCES\apache-tomcat-9.0.54\apache-tomcat-9.0.54\conf\Catalina\localhost\JakartaDemo.xml] a pris [2 825] ms
11-Jul-2022 16:13:23.276 INFO [http-nio-8080-exec-14] org.apache.catalina.util.LifecycleBase.start La méthode start() a été appelée sur le composant [StandardEngine[Catalina].StandardHost[localhost].StandardContext[/JakartaDemo]] après que start() ait déjà été appelé, le deuxième appel sera ignoré
11-Jul-2022 16:48:05.312 INFO [main] org.apache.catalina.startup.VersionLoggerListener.log Nom version serveur :              Apache Tomcat/9.0.54
11-Jul-2022 16:48:05.315 INFO [main] org.apache.catalina.startup.VersionLoggerListener.log Serveur compilé :                  Sep 28 2021 13:51:49 UTC
11-Jul-2022 16:48:05.315 INFO [main] org.apache.catalina.startup.VersionLoggerListener.log Version du serveur :               9.0.54.0
11-Jul-2022 16:48:05.315 INFO [main] org.apache.catalina.startup.VersionLoggerListener.log Nom de l'OS :                      Windows 11
11-Jul-2022 16:48:05.315 INFO [main] org.apache.catalina.startup.VersionLoggerListener.log Version OS :                       10.0
11-Jul-2022 16:48:05.315 INFO [main] org.apache.catalina.startup.VersionLoggerListener.log Architecture :                     amd64
11-Jul-2022 16:48:05.315 INFO [main] org.apache.catalina.startup.VersionLoggerListener.log Java Home :                        C:\Program Files\Java\jdk-18.0.1.1
11-Jul-2022 16:48:05.316 INFO [main] org.apache.catalina.startup.VersionLoggerListener.log Version JVM :                      18.0.1.1+2-6
11-Jul-2022 16:48:05.316 INFO [main] org.apache.catalina.startup.VersionLoggerListener.log Fournisseur de la JVM :            Oracle Corporation
11-Jul-2022 16:48:05.316 INFO [main] org.apache.catalina.startup.VersionLoggerListener.log CATALINA_BASE :                    C:\Users\sanou\Anouar-Sao\perso\poe_java\M2i\Formation\Web Services\RESSOURCES\apache-tomcat-9.0.54\apache-tomcat-9.0.54
11-Jul-2022 16:48:05.316 INFO [main] org.apache.catalina.startup.VersionLoggerListener.log CATALINA_HOME :                    C:\Users\sanou\Anouar-Sao\perso\poe_java\M2i\Formation\Web Services\RESSOURCES\apache-tomcat-9.0.54\apache-tomcat-9.0.54
11-Jul-2022 16:48:05.329 INFO [main] org.apache.catalina.startup.VersionLoggerListener.log Argument de la ligne de commande : --add-opens=java.base/java.lang=ALL-UNNAMED
11-Jul-2022 16:48:05.329 INFO [main] org.apache.catalina.startup.VersionLoggerListener.log Argument de la ligne de commande : --add-opens=java.base/java.io=ALL-UNNAMED
11-Jul-2022 16:48:05.330 INFO [main] org.apache.catalina.startup.VersionLoggerListener.log Argument de la ligne de commande : --add-opens=java.base/java.util=ALL-UNNAMED
11-Jul-2022 16:48:05.330 INFO [main] org.apache.catalina.startup.VersionLoggerListener.log Argument de la ligne de commande : --add-opens=java.base/java.util.concurrent=ALL-UNNAMED
11-Jul-2022 16:48:05.330 INFO [main] org.apache.catalina.startup.VersionLoggerListener.log Argument de la ligne de commande : --add-opens=java.rmi/sun.rmi.transport=ALL-UNNAMED
11-Jul-2022 16:48:05.330 INFO [main] org.apache.catalina.startup.VersionLoggerListener.log Argument de la ligne de commande : -Djava.util.logging.config.file=C:\Users\sanou\Anouar-Sao\perso\poe_java\M2i\Formation\Web Services\RESSOURCES\apache-tomcat-9.0.54\apache-tomcat-9.0.54\conf\logging.properties
11-Jul-2022 16:48:05.330 INFO [main] org.apache.catalina.startup.VersionLoggerListener.log Argument de la ligne de commande : -Djava.util.logging.manager=org.apache.juli.ClassLoaderLogManager
11-Jul-2022 16:48:05.330 INFO [main] org.apache.catalina.startup.VersionLoggerListener.log Argument de la ligne de commande : -Dhttp.nonProxyHosts=localhost|127.0.0.1|Anouar-Sao
11-Jul-2022 16:48:05.330 INFO [main] org.apache.catalina.startup.VersionLoggerListener.log Argument de la ligne de commande : -Djdk.tls.ephemeralDHKeySize=2048
11-Jul-2022 16:48:05.330 INFO [main] org.apache.catalina.startup.VersionLoggerListener.log Argument de la ligne de commande : -Djava.protocol.handler.pkgs=org.apache.catalina.webresources
11-Jul-2022 16:48:05.330 INFO [main] org.apache.catalina.startup.VersionLoggerListener.log Argument de la ligne de commande : -Dignore.endorsed.dirs=
11-Jul-2022 16:48:05.330 INFO [main] org.apache.catalina.startup.VersionLoggerListener.log Argument de la ligne de commande : -Dcatalina.base=C:\Users\sanou\Anouar-Sao\perso\poe_java\M2i\Formation\Web Services\RESSOURCES\apache-tomcat-9.0.54\apache-tomcat-9.0.54
11-Jul-2022 16:48:05.330 INFO [main] org.apache.catalina.startup.VersionLoggerListener.log Argument de la ligne de commande : -Dcatalina.home=C:\Users\sanou\Anouar-Sao\perso\poe_java\M2i\Formation\Web Services\RESSOURCES\apache-tomcat-9.0.54\apache-tomcat-9.0.54
11-Jul-2022 16:48:05.411 INFO [main] org.apache.catalina.startup.VersionLoggerListener.log Argument de la ligne de commande : -Djava.io.tmpdir=C:\Users\sanou\Anouar-Sao\perso\poe_java\M2i\Formation\Web Services\RESSOURCES\apache-tomcat-9.0.54\apache-tomcat-9.0.54\temp
11-Jul-2022 16:48:05.414 INFO [main] org.apache.catalina.core.AprLifecycleListener.lifecycleEvent La librairie Apache Tomcat Native basée sur APR qui permet des performances optimales dans les environnements de production n'a pas été trouvée sur le java.library.path : [C:\Program Files\Java\jdk-18.0.1.1\bin;C:\WINDOWS\Sun\Java\bin;C:\WINDOWS\system32;C:\WINDOWS;C:\Program Files\Common Files\Oracle\Java\javapath;C:\WINDOWS\system32;C:\WINDOWS;C:\WINDOWS\System32\Wbem;C:\WINDOWS\System32\WindowsPowerShell\v1.0\;C:\WINDOWS\System32\OpenSSH\;C:\Program Files\Git\cmd;C:\Program Files\Docker\Docker\resources\bin;C:\ProgramData\DockerDesktop\version-bin;C:\Users\sanou\AppData\Local\Microsoft\WindowsApps;;C:\Users\sanou\AppData\Local\Programs\Microsoft VS Code\bin;.]
11-Jul-2022 16:48:05.691 INFO [main] org.apache.coyote.AbstractProtocol.init Initialisation du gestionnaire de protocole ["http-nio-8080"]
11-Jul-2022 16:48:05.714 INFO [main] org.apache.catalina.startup.Catalina.load L'initialisation du serveur a pris [656] millisecondes
11-Jul-2022 16:48:05.758 INFO [main] org.apache.catalina.core.StandardService.startInternal Démarrage du service [Catalina]
11-Jul-2022 16:48:05.758 INFO [main] org.apache.catalina.core.StandardEngine.startInternal Démarrage du moteur de Servlets : [Apache Tomcat/9.0.54]
11-Jul-2022 16:48:05.773 INFO [main] org.apache.catalina.startup.HostConfig.deployDescriptor Déploiement du descripteur de configuration [C:\Users\sanou\Anouar-Sao\perso\poe_java\M2i\Formation\Web Services\RESSOURCES\apache-tomcat-9.0.54\apache-tomcat-9.0.54\conf\Catalina\localhost\JakartaDemo.xml]
11-Jul-2022 16:48:05.789 WARNING [main] org.apache.catalina.startup.HostConfig.deployDescriptor L'attribut path avec la valeur [/JakartaDemo] dans le descripteur de déploiement [C:\Users\sanou\Anouar-Sao\perso\poe_java\M2i\Formation\Web Services\RESSOURCES\apache-tomcat-9.0.54\apache-tomcat-9.0.54\conf\Catalina\localhost\JakartaDemo.xml] a été ignoré
11-Jul-2022 16:48:09.174 INFO [main] org.apache.jasper.servlet.TldScanner.scanJars Au moins un fichier JAR a été analysé pour trouver des TLDs mais il n'en contenait pas, le mode "debug" du journal peut être activé pour obtenir une liste complète de JAR scannés sans succès ; éviter d'analyser des JARs inutilement peut améliorer sensiblement le temps de démarrage et le temps de compilation des JSPs
11-Jul-2022 16:48:10.215 INFO [main] org.apache.catalina.startup.HostConfig.deployDescriptor Le traitement du descripteur de déploiement [C:\Users\sanou\Anouar-Sao\perso\poe_java\M2i\Formation\Web Services\RESSOURCES\apache-tomcat-9.0.54\apache-tomcat-9.0.54\conf\Catalina\localhost\JakartaDemo.xml] a pris [4 441] ms
11-Jul-2022 16:48:10.215 INFO [main] org.apache.catalina.startup.HostConfig.deployDirectory Déploiement du répertoire d'application web [C:\Users\sanou\Anouar-Sao\perso\poe_java\M2i\Formation\Web Services\RESSOURCES\apache-tomcat-9.0.54\apache-tomcat-9.0.54\webapps\docs]
11-Jul-2022 16:48:10.249 INFO [main] org.apache.catalina.startup.HostConfig.deployDirectory Le déploiement du répertoire [C:\Users\sanou\Anouar-Sao\perso\poe_java\M2i\Formation\Web Services\RESSOURCES\apache-tomcat-9.0.54\apache-tomcat-9.0.54\webapps\docs] de l'application web s'est terminé en [34] ms
11-Jul-2022 16:48:10.249 INFO [main] org.apache.catalina.startup.HostConfig.deployDirectory Déploiement du répertoire d'application web [C:\Users\sanou\Anouar-Sao\perso\poe_java\M2i\Formation\Web Services\RESSOURCES\apache-tomcat-9.0.54\apache-tomcat-9.0.54\webapps\examples]
11-Jul-2022 16:48:10.729 INFO [main] org.apache.catalina.startup.HostConfig.deployDirectory Le déploiement du répertoire [C:\Users\sanou\Anouar-Sao\perso\poe_java\M2i\Formation\Web Services\RESSOURCES\apache-tomcat-9.0.54\apache-tomcat-9.0.54\webapps\examples] de l'application web s'est terminé en [480] ms
11-Jul-2022 16:48:10.730 INFO [main] org.apache.catalina.startup.HostConfig.deployDirectory Déploiement du répertoire d'application web [C:\Users\sanou\Anouar-Sao\perso\poe_java\M2i\Formation\Web Services\RESSOURCES\apache-tomcat-9.0.54\apache-tomcat-9.0.54\webapps\host-manager]
11-Jul-2022 16:48:10.790 INFO [main] org.apache.catalina.startup.HostConfig.deployDirectory Le déploiement du répertoire [C:\Users\sanou\Anouar-Sao\perso\poe_java\M2i\Formation\Web Services\RESSOURCES\apache-tomcat-9.0.54\apache-tomcat-9.0.54\webapps\host-manager] de l'application web s'est terminé en [59] ms
11-Jul-2022 16:48:10.790 INFO [main] org.apache.catalina.startup.HostConfig.deployDirectory Déploiement du répertoire d'application web [C:\Users\sanou\Anouar-Sao\perso\poe_java\M2i\Formation\Web Services\RESSOURCES\apache-tomcat-9.0.54\apache-tomcat-9.0.54\webapps\manager]
11-Jul-2022 16:48:10.850 INFO [main] org.apache.catalina.startup.HostConfig.deployDirectory Le déploiement du répertoire [C:\Users\sanou\Anouar-Sao\perso\poe_java\M2i\Formation\Web Services\RESSOURCES\apache-tomcat-9.0.54\apache-tomcat-9.0.54\webapps\manager] de l'application web s'est terminé en [60] ms
11-Jul-2022 16:48:10.850 INFO [main] org.apache.catalina.startup.HostConfig.deployDirectory Déploiement du répertoire d'application web [C:\Users\sanou\Anouar-Sao\perso\poe_java\M2i\Formation\Web Services\RESSOURCES\apache-tomcat-9.0.54\apache-tomcat-9.0.54\webapps\ROOT]
11-Jul-2022 16:48:10.880 INFO [main] org.apache.catalina.startup.HostConfig.deployDirectory Le déploiement du répertoire [C:\Users\sanou\Anouar-Sao\perso\poe_java\M2i\Formation\Web Services\RESSOURCES\apache-tomcat-9.0.54\apache-tomcat-9.0.54\webapps\ROOT] de l'application web s'est terminé en [30] ms
11-Jul-2022 16:48:10.883 INFO [main] org.apache.coyote.AbstractProtocol.start Démarrage du gestionnaire de protocole ["http-nio-8080"]
11-Jul-2022 16:48:10.942 INFO [main] org.apache.catalina.startup.Catalina.start Le démarrage du serveur a pris [5227] millisecondes
11-Jul-2022 16:48:13.359 INFO [http-nio-8080-exec-2] org.apache.catalina.startup.HostConfig.undeploy Retrait de l'application web ayant pour chemin de contexte [/JakartaDemo]
11-Jul-2022 16:48:13.386 INFO [http-nio-8080-exec-9] org.apache.catalina.startup.HostConfig.deployDescriptor Déploiement du descripteur de configuration [C:\Users\sanou\Anouar-Sao\perso\poe_java\M2i\Formation\Web Services\RESSOURCES\apache-tomcat-9.0.54\apache-tomcat-9.0.54\conf\Catalina\localhost\JakartaDemo.xml]
11-Jul-2022 16:48:13.387 WARNING [http-nio-8080-exec-9] org.apache.catalina.startup.HostConfig.deployDescriptor L'attribut path avec la valeur [/JakartaDemo] dans le descripteur de déploiement [C:\Users\sanou\Anouar-Sao\perso\poe_java\M2i\Formation\Web Services\RESSOURCES\apache-tomcat-9.0.54\apache-tomcat-9.0.54\conf\Catalina\localhost\JakartaDemo.xml] a été ignoré
11-Jul-2022 16:48:15.385 INFO [http-nio-8080-exec-9] org.apache.jasper.servlet.TldScanner.scanJars Au moins un fichier JAR a été analysé pour trouver des TLDs mais il n'en contenait pas, le mode "debug" du journal peut être activé pour obtenir une liste complète de JAR scannés sans succès ; éviter d'analyser des JARs inutilement peut améliorer sensiblement le temps de démarrage et le temps de compilation des JSPs
11-Jul-2022 16:48:16.191 INFO [http-nio-8080-exec-9] org.apache.catalina.startup.HostConfig.deployDescriptor Le traitement du descripteur de déploiement [C:\Users\sanou\Anouar-Sao\perso\poe_java\M2i\Formation\Web Services\RESSOURCES\apache-tomcat-9.0.54\apache-tomcat-9.0.54\conf\Catalina\localhost\JakartaDemo.xml] a pris [2 805] ms
11-Jul-2022 16:48:16.196 INFO [http-nio-8080-exec-4] org.apache.catalina.util.LifecycleBase.start La méthode start() a été appelée sur le composant [StandardEngine[Catalina].StandardHost[localhost].StandardContext[/JakartaDemo]] après que start() ait déjà été appelé, le deuxième appel sera ignoré
11-Jul-2022 16:59:05.031 INFO [http-nio-8080-exec-17] org.apache.catalina.startup.HostConfig.undeploy Retrait de l'application web ayant pour chemin de contexte [/JakartaDemo]
11-Jul-2022 16:59:05.047 INFO [http-nio-8080-exec-18] org.apache.catalina.startup.HostConfig.deployDescriptor Déploiement du descripteur de configuration [C:\Users\sanou\Anouar-Sao\perso\poe_java\M2i\Formation\Web Services\RESSOURCES\apache-tomcat-9.0.54\apache-tomcat-9.0.54\conf\Catalina\localhost\JakartaDemo.xml]
11-Jul-2022 16:59:05.048 WARNING [http-nio-8080-exec-18] org.apache.catalina.startup.HostConfig.deployDescriptor L'attribut path avec la valeur [/JakartaDemo] dans le descripteur de déploiement [C:\Users\sanou\Anouar-Sao\perso\poe_java\M2i\Formation\Web Services\RESSOURCES\apache-tomcat-9.0.54\apache-tomcat-9.0.54\conf\Catalina\localhost\JakartaDemo.xml] a été ignoré
11-Jul-2022 16:59:05.903 INFO [http-nio-8080-exec-18] org.apache.jasper.servlet.TldScanner.scanJars Au moins un fichier JAR a été analysé pour trouver des TLDs mais il n'en contenait pas, le mode "debug" du journal peut être activé pour obtenir une liste complète de JAR scannés sans succès ; éviter d'analyser des JARs inutilement peut améliorer sensiblement le temps de démarrage et le temps de compilation des JSPs
11-Jul-2022 16:59:06.608 INFO [http-nio-8080-exec-18] org.apache.catalina.startup.HostConfig.deployDescriptor Le traitement du descripteur de déploiement [C:\Users\sanou\Anouar-Sao\perso\poe_java\M2i\Formation\Web Services\RESSOURCES\apache-tomcat-9.0.54\apache-tomcat-9.0.54\conf\Catalina\localhost\JakartaDemo.xml] a pris [1 561] ms
11-Jul-2022 16:59:06.613 INFO [http-nio-8080-exec-13] org.apache.catalina.util.LifecycleBase.start La méthode start() a été appelée sur le composant [StandardEngine[Catalina].StandardHost[localhost].StandardContext[/JakartaDemo]] après que start() ait déjà été appelé, le deuxième appel sera ignoré
11-Jul-2022 16:59:17.893 INFO [main] org.apache.catalina.core.StandardServer.await Une commande d'arrêt valide a été reçue sur le port d'arrêt, arrêt de l'instance du serveur
11-Jul-2022 16:59:17.894 INFO [main] org.apache.coyote.AbstractProtocol.pause Le gestionnaire de protocole ["http-nio-8080"] est mis en pause
11-Jul-2022 16:59:18.726 INFO [main] org.apache.catalina.core.StandardService.stopInternal Arrêt du service [Catalina]
11-Jul-2022 16:59:18.753 INFO [main] org.apache.coyote.AbstractProtocol.stop Arrêt du gestionnaire de protocole ["http-nio-8080"]
11-Jul-2022 16:59:18.812 INFO [main] org.apache.coyote.AbstractProtocol.destroy Destruction du gestionnaire de protocole ["http-nio-8080"]
