16-Jul-2022 09:28:59.886 INFO [main] org.apache.catalina.startup.VersionLoggerListener.log Nom version serveur :              Apache Tomcat/9.0.54
16-Jul-2022 09:28:59.891 INFO [main] org.apache.catalina.startup.VersionLoggerListener.log Serveur compilé :                  Sep 28 2021 13:51:49 UTC
16-Jul-2022 09:28:59.891 INFO [main] org.apache.catalina.startup.VersionLoggerListener.log Version du serveur :               9.0.54.0
16-Jul-2022 09:28:59.891 INFO [main] org.apache.catalina.startup.VersionLoggerListener.log Nom de l'OS :                      Windows 11
16-Jul-2022 09:28:59.891 INFO [main] org.apache.catalina.startup.VersionLoggerListener.log Version OS :                       10.0
16-Jul-2022 09:28:59.891 INFO [main] org.apache.catalina.startup.VersionLoggerListener.log Architecture :                     amd64
16-Jul-2022 09:28:59.891 INFO [main] org.apache.catalina.startup.VersionLoggerListener.log Java Home :                        C:\Program Files\Java\jdk-18.0.1.1
16-Jul-2022 09:28:59.891 INFO [main] org.apache.catalina.startup.VersionLoggerListener.log Version JVM :                      18.0.1.1+2-6
16-Jul-2022 09:28:59.891 INFO [main] org.apache.catalina.startup.VersionLoggerListener.log Fournisseur de la JVM :            Oracle Corporation
16-Jul-2022 09:28:59.891 INFO [main] org.apache.catalina.startup.VersionLoggerListener.log CATALINA_BASE :                    C:\Users\sanou\Anouar-Sao\perso\poe_java\M2i\Formation\Web Services\RESSOURCES\apache-tomcat-9.0.54\apache-tomcat-9.0.54
16-Jul-2022 09:28:59.891 INFO [main] org.apache.catalina.startup.VersionLoggerListener.log CATALINA_HOME :                    C:\Users\sanou\Anouar-Sao\perso\poe_java\M2i\Formation\Web Services\RESSOURCES\apache-tomcat-9.0.54\apache-tomcat-9.0.54
16-Jul-2022 09:28:59.897 INFO [main] org.apache.catalina.startup.VersionLoggerListener.log Argument de la ligne de commande : --add-opens=java.base/java.lang=ALL-UNNAMED
16-Jul-2022 09:28:59.897 INFO [main] org.apache.catalina.startup.VersionLoggerListener.log Argument de la ligne de commande : --add-opens=java.base/java.io=ALL-UNNAMED
16-Jul-2022 09:28:59.897 INFO [main] org.apache.catalina.startup.VersionLoggerListener.log Argument de la ligne de commande : --add-opens=java.base/java.util=ALL-UNNAMED
16-Jul-2022 09:28:59.897 INFO [main] org.apache.catalina.startup.VersionLoggerListener.log Argument de la ligne de commande : --add-opens=java.base/java.util.concurrent=ALL-UNNAMED
16-Jul-2022 09:28:59.897 INFO [main] org.apache.catalina.startup.VersionLoggerListener.log Argument de la ligne de commande : --add-opens=java.rmi/sun.rmi.transport=ALL-UNNAMED
16-Jul-2022 09:28:59.897 INFO [main] org.apache.catalina.startup.VersionLoggerListener.log Argument de la ligne de commande : -Djava.util.logging.config.file=C:\Users\sanou\Anouar-Sao\perso\poe_java\M2i\Formation\Web Services\RESSOURCES\apache-tomcat-9.0.54\apache-tomcat-9.0.54\conf\logging.properties
16-Jul-2022 09:28:59.897 INFO [main] org.apache.catalina.startup.VersionLoggerListener.log Argument de la ligne de commande : -Djava.util.logging.manager=org.apache.juli.ClassLoaderLogManager
16-Jul-2022 09:28:59.897 INFO [main] org.apache.catalina.startup.VersionLoggerListener.log Argument de la ligne de commande : -Dhttp.nonProxyHosts=localhost|127.0.0.1|Anouar-Sao
16-Jul-2022 09:28:59.897 INFO [main] org.apache.catalina.startup.VersionLoggerListener.log Argument de la ligne de commande : -Djdk.tls.ephemeralDHKeySize=2048
16-Jul-2022 09:28:59.897 INFO [main] org.apache.catalina.startup.VersionLoggerListener.log Argument de la ligne de commande : -Djava.protocol.handler.pkgs=org.apache.catalina.webresources
16-Jul-2022 09:28:59.897 INFO [main] org.apache.catalina.startup.VersionLoggerListener.log Argument de la ligne de commande : -Dignore.endorsed.dirs=
16-Jul-2022 09:28:59.897 INFO [main] org.apache.catalina.startup.VersionLoggerListener.log Argument de la ligne de commande : -Dcatalina.base=C:\Users\sanou\Anouar-Sao\perso\poe_java\M2i\Formation\Web Services\RESSOURCES\apache-tomcat-9.0.54\apache-tomcat-9.0.54
16-Jul-2022 09:28:59.897 INFO [main] org.apache.catalina.startup.VersionLoggerListener.log Argument de la ligne de commande : -Dcatalina.home=C:\Users\sanou\Anouar-Sao\perso\poe_java\M2i\Formation\Web Services\RESSOURCES\apache-tomcat-9.0.54\apache-tomcat-9.0.54
16-Jul-2022 09:28:59.947 INFO [main] org.apache.catalina.startup.VersionLoggerListener.log Argument de la ligne de commande : -Djava.io.tmpdir=C:\Users\sanou\Anouar-Sao\perso\poe_java\M2i\Formation\Web Services\RESSOURCES\apache-tomcat-9.0.54\apache-tomcat-9.0.54\temp
16-Jul-2022 09:28:59.950 INFO [main] org.apache.catalina.core.AprLifecycleListener.lifecycleEvent La librairie Apache Tomcat Native basée sur APR qui permet des performances optimales dans les environnements de production n'a pas été trouvée sur le java.library.path : [C:\Program Files\Java\jdk-18.0.1.1\bin;C:\WINDOWS\Sun\Java\bin;C:\WINDOWS\system32;C:\WINDOWS;C:\Program Files\Common Files\Oracle\Java\javapath;C:\WINDOWS\system32;C:\WINDOWS;C:\WINDOWS\System32\Wbem;C:\WINDOWS\System32\WindowsPowerShell\v1.0\;C:\WINDOWS\System32\OpenSSH\;C:\Program Files\Git\cmd;C:\Program Files\Docker\Docker\resources\bin;C:\ProgramData\DockerDesktop\version-bin;C:\Users\sanou\AppData\Local\Microsoft\WindowsApps;C:\Users\sanou\AppData\Local\Programs\Microsoft VS Code\bin;.]
16-Jul-2022 09:29:00.232 INFO [main] org.apache.coyote.AbstractProtocol.init Initialisation du gestionnaire de protocole ["http-nio-8080"]
16-Jul-2022 09:29:00.258 INFO [main] org.apache.catalina.startup.Catalina.load L'initialisation du serveur a pris [558] millisecondes
16-Jul-2022 09:29:00.302 INFO [main] org.apache.catalina.core.StandardService.startInternal Démarrage du service [Catalina]
16-Jul-2022 09:29:00.302 INFO [main] org.apache.catalina.core.StandardEngine.startInternal Démarrage du moteur de Servlets : [Apache Tomcat/9.0.54]
16-Jul-2022 09:29:00.311 INFO [main] org.apache.catalina.startup.HostConfig.deployDescriptor Déploiement du descripteur de configuration [C:\Users\sanou\Anouar-Sao\perso\poe_java\M2i\Formation\Web Services\RESSOURCES\apache-tomcat-9.0.54\apache-tomcat-9.0.54\conf\Catalina\localhost\JakartaDemo.xml]
16-Jul-2022 09:29:00.323 WARNING [main] org.apache.catalina.startup.HostConfig.deployDescriptor L'attribut path avec la valeur [/JakartaDemo] dans le descripteur de déploiement [C:\Users\sanou\Anouar-Sao\perso\poe_java\M2i\Formation\Web Services\RESSOURCES\apache-tomcat-9.0.54\apache-tomcat-9.0.54\conf\Catalina\localhost\JakartaDemo.xml] a été ignoré
16-Jul-2022 09:29:03.884 INFO [main] org.apache.jasper.servlet.TldScanner.scanJars Au moins un fichier JAR a été analysé pour trouver des TLDs mais il n'en contenait pas, le mode "debug" du journal peut être activé pour obtenir une liste complète de JAR scannés sans succès ; éviter d'analyser des JARs inutilement peut améliorer sensiblement le temps de démarrage et le temps de compilation des JSPs
16-Jul-2022 09:29:05.000 INFO [main] org.apache.catalina.startup.HostConfig.deployDescriptor Le traitement du descripteur de déploiement [C:\Users\sanou\Anouar-Sao\perso\poe_java\M2i\Formation\Web Services\RESSOURCES\apache-tomcat-9.0.54\apache-tomcat-9.0.54\conf\Catalina\localhost\JakartaDemo.xml] a pris [4 688] ms
16-Jul-2022 09:29:05.000 INFO [main] org.apache.catalina.startup.HostConfig.deployDescriptor Déploiement du descripteur de configuration [C:\Users\sanou\Anouar-Sao\perso\poe_java\M2i\Formation\Web Services\RESSOURCES\apache-tomcat-9.0.54\apache-tomcat-9.0.54\conf\Catalina\localhost\Restaurant.xml]
16-Jul-2022 09:29:05.001 WARNING [main] org.apache.catalina.startup.HostConfig.deployDescriptor L'attribut path avec la valeur [/Restaurant] dans le descripteur de déploiement [C:\Users\sanou\Anouar-Sao\perso\poe_java\M2i\Formation\Web Services\RESSOURCES\apache-tomcat-9.0.54\apache-tomcat-9.0.54\conf\Catalina\localhost\Restaurant.xml] a été ignoré
16-Jul-2022 09:29:06.080 INFO [main] org.apache.jasper.servlet.TldScanner.scanJars Au moins un fichier JAR a été analysé pour trouver des TLDs mais il n'en contenait pas, le mode "debug" du journal peut être activé pour obtenir une liste complète de JAR scannés sans succès ; éviter d'analyser des JARs inutilement peut améliorer sensiblement le temps de démarrage et le temps de compilation des JSPs
16-Jul-2022 09:29:06.948 INFO [main] org.apache.catalina.startup.HostConfig.deployDescriptor Le traitement du descripteur de déploiement [C:\Users\sanou\Anouar-Sao\perso\poe_java\M2i\Formation\Web Services\RESSOURCES\apache-tomcat-9.0.54\apache-tomcat-9.0.54\conf\Catalina\localhost\Restaurant.xml] a pris [1 948] ms
16-Jul-2022 09:29:06.948 INFO [main] org.apache.catalina.startup.HostConfig.deployDirectory Déploiement du répertoire d'application web [C:\Users\sanou\Anouar-Sao\perso\poe_java\M2i\Formation\Web Services\RESSOURCES\apache-tomcat-9.0.54\apache-tomcat-9.0.54\webapps\examples]
16-Jul-2022 09:29:07.471 INFO [main] org.apache.catalina.startup.HostConfig.deployDirectory Le déploiement du répertoire [C:\Users\sanou\Anouar-Sao\perso\poe_java\M2i\Formation\Web Services\RESSOURCES\apache-tomcat-9.0.54\apache-tomcat-9.0.54\webapps\examples] de l'application web s'est terminé en [523] ms
16-Jul-2022 09:29:07.472 INFO [main] org.apache.catalina.startup.HostConfig.deployDirectory Déploiement du répertoire d'application web [C:\Users\sanou\Anouar-Sao\perso\poe_java\M2i\Formation\Web Services\RESSOURCES\apache-tomcat-9.0.54\apache-tomcat-9.0.54\webapps\host-manager]
16-Jul-2022 09:29:07.528 INFO [main] org.apache.catalina.startup.HostConfig.deployDirectory Le déploiement du répertoire [C:\Users\sanou\Anouar-Sao\perso\poe_java\M2i\Formation\Web Services\RESSOURCES\apache-tomcat-9.0.54\apache-tomcat-9.0.54\webapps\host-manager] de l'application web s'est terminé en [56] ms
16-Jul-2022 09:29:07.531 INFO [main] org.apache.catalina.startup.HostConfig.deployDirectory Déploiement du répertoire d'application web [C:\Users\sanou\Anouar-Sao\perso\poe_java\M2i\Formation\Web Services\RESSOURCES\apache-tomcat-9.0.54\apache-tomcat-9.0.54\webapps\manager]
16-Jul-2022 09:29:07.593 INFO [main] org.apache.catalina.startup.HostConfig.deployDirectory Le déploiement du répertoire [C:\Users\sanou\Anouar-Sao\perso\poe_java\M2i\Formation\Web Services\RESSOURCES\apache-tomcat-9.0.54\apache-tomcat-9.0.54\webapps\manager] de l'application web s'est terminé en [61] ms
16-Jul-2022 09:29:07.593 INFO [main] org.apache.catalina.startup.HostConfig.deployDirectory Déploiement du répertoire d'application web [C:\Users\sanou\Anouar-Sao\perso\poe_java\M2i\Formation\Web Services\RESSOURCES\apache-tomcat-9.0.54\apache-tomcat-9.0.54\webapps\ROOT]
16-Jul-2022 09:29:07.623 INFO [main] org.apache.catalina.startup.HostConfig.deployDirectory Le déploiement du répertoire [C:\Users\sanou\Anouar-Sao\perso\poe_java\M2i\Formation\Web Services\RESSOURCES\apache-tomcat-9.0.54\apache-tomcat-9.0.54\webapps\ROOT] de l'application web s'est terminé en [30] ms
16-Jul-2022 09:29:07.630 INFO [main] org.apache.coyote.AbstractProtocol.start Démarrage du gestionnaire de protocole ["http-nio-8080"]
16-Jul-2022 09:29:07.679 INFO [main] org.apache.catalina.startup.Catalina.start Le démarrage du serveur a pris [7419] millisecondes
16-Jul-2022 09:29:10.862 INFO [http-nio-8080-exec-10] org.apache.catalina.startup.HostConfig.deployDescriptor Déploiement du descripteur de configuration [C:\Users\sanou\Anouar-Sao\perso\poe_java\M2i\Formation\Web Services\RESSOURCES\apache-tomcat-9.0.54\apache-tomcat-9.0.54\conf\Catalina\localhost\Documentation.xml]
16-Jul-2022 09:29:10.864 WARNING [http-nio-8080-exec-10] org.apache.catalina.startup.HostConfig.deployDescriptor L'attribut path avec la valeur [/Documentation] dans le descripteur de déploiement [C:\Users\sanou\Anouar-Sao\perso\poe_java\M2i\Formation\Web Services\RESSOURCES\apache-tomcat-9.0.54\apache-tomcat-9.0.54\conf\Catalina\localhost\Documentation.xml] a été ignoré
16-Jul-2022 09:29:14.439 INFO [http-nio-8080-exec-10] org.apache.jasper.servlet.TldScanner.scanJars Au moins un fichier JAR a été analysé pour trouver des TLDs mais il n'en contenait pas, le mode "debug" du journal peut être activé pour obtenir une liste complète de JAR scannés sans succès ; éviter d'analyser des JARs inutilement peut améliorer sensiblement le temps de démarrage et le temps de compilation des JSPs
16-Jul-2022 09:29:15.222 INFO [http-nio-8080-exec-10] org.apache.catalina.startup.HostConfig.deployDescriptor Le traitement du descripteur de déploiement [C:\Users\sanou\Anouar-Sao\perso\poe_java\M2i\Formation\Web Services\RESSOURCES\apache-tomcat-9.0.54\apache-tomcat-9.0.54\conf\Catalina\localhost\Documentation.xml] a pris [4 360] ms
16-Jul-2022 09:29:15.225 INFO [http-nio-8080-exec-2] org.apache.catalina.util.LifecycleBase.start La méthode start() a été appelée sur le composant [StandardEngine[Catalina].StandardHost[localhost].StandardContext[/Documentation]] après que start() ait déjà été appelé, le deuxième appel sera ignoré
16-Jul-2022 09:29:31.807 INFO [http-nio-8080-exec-5] org.hibernate.jpa.internal.util.LogHelper.logPersistenceUnitInformation HHH000204: Processing PersistenceUnitInfo [name: doc]
16-Jul-2022 09:29:31.933 INFO [http-nio-8080-exec-5] org.hibernate.Version.logVersion HHH000412: Hibernate ORM core version 5.5.4.Final
16-Jul-2022 09:29:32.263 INFO [http-nio-8080-exec-5] org.hibernate.annotations.common.reflection.java.JavaReflectionManager.<clinit> HCANN000001: Hibernate Commons Annotations {5.1.2.Final}
16-Jul-2022 09:29:32.575 WARN [http-nio-8080-exec-5] org.hibernate.engine.jdbc.connections.internal.DriverManagerConnectionProviderImpl.configure HHH10001002: Using Hibernate built-in connection pool (not for production use!)
16-Jul-2022 09:29:32.584 INFO [http-nio-8080-exec-5] org.hibernate.engine.jdbc.connections.internal.DriverManagerConnectionProviderImpl.buildCreator HHH10001005: using driver [com.mysql.cj.jdbc.Driver] at URL [jdbc:mysql://localhost:3306/documentation_online]
16-Jul-2022 09:29:32.584 INFO [http-nio-8080-exec-5] org.hibernate.engine.jdbc.connections.internal.DriverManagerConnectionProviderImpl.buildCreator HHH10001001: Connection properties: {password=****, user=root}
16-Jul-2022 09:29:32.584 INFO [http-nio-8080-exec-5] org.hibernate.engine.jdbc.connections.internal.DriverManagerConnectionProviderImpl.buildCreator HHH10001003: Autocommit mode: false
16-Jul-2022 09:29:32.591 INFO [http-nio-8080-exec-5] org.hibernate.engine.jdbc.connections.internal.DriverManagerConnectionProviderImpl$PooledConnections.<init> HHH000115: Hibernate connection pool size: 20 (min=1)
16-Jul-2022 09:29:32.726 WARN [http-nio-8080-exec-5] org.hibernate.engine.jdbc.env.internal.JdbcEnvironmentInitiator.initiateService HHH000342: Could not obtain connection to query metadata
	java.lang.IllegalStateException: Cannot get a connection as the driver manager is not properly initialized
		at org.hibernate.engine.jdbc.connections.internal.DriverManagerConnectionProviderImpl.getConnection(DriverManagerConnectionProviderImpl.java:172)
		at org.hibernate.engine.jdbc.env.internal.JdbcEnvironmentInitiator$ConnectionProviderJdbcConnectionAccess.obtainConnection(JdbcEnvironmentInitiator.java:181)
		at org.hibernate.engine.jdbc.env.internal.JdbcEnvironmentInitiator.initiateService(JdbcEnvironmentInitiator.java:68)
		at org.hibernate.engine.jdbc.env.internal.JdbcEnvironmentInitiator.initiateService(JdbcEnvironmentInitiator.java:35)
		at org.hibernate.boot.registry.internal.StandardServiceRegistryImpl.initiateService(StandardServiceRegistryImpl.java:101)
		at org.hibernate.service.internal.AbstractServiceRegistryImpl.createService(AbstractServiceRegistryImpl.java:263)
		at org.hibernate.service.internal.AbstractServiceRegistryImpl.initializeService(AbstractServiceRegistryImpl.java:237)
		at org.hibernate.service.internal.AbstractServiceRegistryImpl.getService(AbstractServiceRegistryImpl.java:214)
		at org.hibernate.engine.jdbc.internal.JdbcServicesImpl.configure(JdbcServicesImpl.java:51)
		at org.hibernate.boot.registry.internal.StandardServiceRegistryImpl.configureService(StandardServiceRegistryImpl.java:107)
		at org.hibernate.service.internal.AbstractServiceRegistryImpl.initializeService(AbstractServiceRegistryImpl.java:246)
		at org.hibernate.service.internal.AbstractServiceRegistryImpl.getService(AbstractServiceRegistryImpl.java:214)
		at org.hibernate.engine.jdbc.connections.internal.BasicConnectionCreator.convertSqlException(BasicConnectionCreator.java:116)
		at org.hibernate.engine.jdbc.connections.internal.DriverConnectionCreator.makeConnection(DriverConnectionCreator.java:41)
		at org.hibernate.engine.jdbc.connections.internal.BasicConnectionCreator.createConnection(BasicConnectionCreator.java:58)
		at org.hibernate.engine.jdbc.connections.internal.DriverManagerConnectionProviderImpl$PooledConnections.addConnections(DriverManagerConnectionProviderImpl.java:409)
		at org.hibernate.engine.jdbc.connections.internal.DriverManagerConnectionProviderImpl$PooledConnections.<init>(DriverManagerConnectionProviderImpl.java:275)
		at org.hibernate.engine.jdbc.connections.internal.DriverManagerConnectionProviderImpl$PooledConnections.<init>(DriverManagerConnectionProviderImpl.java:249)
		at org.hibernate.engine.jdbc.connections.internal.DriverManagerConnectionProviderImpl$PooledConnections$Builder.build(DriverManagerConnectionProviderImpl.java:453)
		at org.hibernate.engine.jdbc.connections.internal.DriverManagerConnectionProviderImpl.buildPool(DriverManagerConnectionProviderImpl.java:98)
		at org.hibernate.engine.jdbc.connections.internal.DriverManagerConnectionProviderImpl.configure(DriverManagerConnectionProviderImpl.java:73)
		at org.hibernate.boot.registry.internal.StandardServiceRegistryImpl.configureService(StandardServiceRegistryImpl.java:107)
		at org.hibernate.service.internal.AbstractServiceRegistryImpl.initializeService(AbstractServiceRegistryImpl.java:246)
		at org.hibernate.service.internal.AbstractServiceRegistryImpl.getService(AbstractServiceRegistryImpl.java:214)
		at org.hibernate.engine.jdbc.env.internal.JdbcEnvironmentInitiator.buildJdbcConnectionAccess(JdbcEnvironmentInitiator.java:146)
		at org.hibernate.engine.jdbc.env.internal.JdbcEnvironmentInitiator.initiateService(JdbcEnvironmentInitiator.java:66)
		at org.hibernate.engine.jdbc.env.internal.JdbcEnvironmentInitiator.initiateService(JdbcEnvironmentInitiator.java:35)
		at org.hibernate.boot.registry.internal.StandardServiceRegistryImpl.initiateService(StandardServiceRegistryImpl.java:101)
		at org.hibernate.service.internal.AbstractServiceRegistryImpl.createService(AbstractServiceRegistryImpl.java:263)
		at org.hibernate.service.internal.AbstractServiceRegistryImpl.initializeService(AbstractServiceRegistryImpl.java:237)
		at org.hibernate.service.internal.AbstractServiceRegistryImpl.getService(AbstractServiceRegistryImpl.java:214)
		at org.hibernate.id.factory.internal.DefaultIdentifierGeneratorFactory.injectServices(DefaultIdentifierGeneratorFactory.java:179)
		at org.hibernate.service.internal.AbstractServiceRegistryImpl.injectDependencies(AbstractServiceRegistryImpl.java:286)
		at org.hibernate.service.internal.AbstractServiceRegistryImpl.initializeService(AbstractServiceRegistryImpl.java:243)
		at org.hibernate.service.internal.AbstractServiceRegistryImpl.getService(AbstractServiceRegistryImpl.java:214)
		at org.hibernate.boot.internal.InFlightMetadataCollectorImpl.<init>(InFlightMetadataCollectorImpl.java:176)
		at org.hibernate.boot.model.process.spi.MetadataBuildingProcess.complete(MetadataBuildingProcess.java:127)
		at org.hibernate.jpa.boot.internal.EntityManagerFactoryBuilderImpl.metadata(EntityManagerFactoryBuilderImpl.java:1372)
		at org.hibernate.jpa.boot.internal.EntityManagerFactoryBuilderImpl.build(EntityManagerFactoryBuilderImpl.java:1406)
		at org.hibernate.jpa.HibernatePersistenceProvider.createEntityManagerFactory(HibernatePersistenceProvider.java:56)
		at javax.persistence.Persistence.createEntityManagerFactory(Persistence.java:79)
		at javax.persistence.Persistence.createEntityManagerFactory(Persistence.java:54)
		at com.poe.documentation.jpa.EntityManagerSingleton.getEntityManager(EntityManagerSingleton.java:20)
		at com.poe.documentation.dao.DocumentationDAO.findAllDocs(DocumentationDAO.java:38)
		at com.poe.documentation.api.DocumentaionAPI.findAll(DocumentaionAPI.java:51)
		at java.base/jdk.internal.reflect.DirectMethodHandleAccessor.invoke(DirectMethodHandleAccessor.java:104)
		at java.base/java.lang.reflect.Method.invoke(Method.java:577)
		at org.glassfish.jersey.server.model.internal.ResourceMethodInvocationHandlerFactory.lambda$static$0(ResourceMethodInvocationHandlerFactory.java:52)
		at org.glassfish.jersey.server.model.internal.AbstractJavaResourceMethodDispatcher$1.run(AbstractJavaResourceMethodDispatcher.java:124)
		at org.glassfish.jersey.server.model.internal.AbstractJavaResourceMethodDispatcher.invoke(AbstractJavaResourceMethodDispatcher.java:167)
		at org.glassfish.jersey.server.model.internal.JavaResourceMethodDispatcherProvider$TypeOutInvoker.doDispatch(JavaResourceMethodDispatcherProvider.java:219)
		at org.glassfish.jersey.server.model.internal.AbstractJavaResourceMethodDispatcher.dispatch(AbstractJavaResourceMethodDispatcher.java:79)
		at org.glassfish.jersey.server.model.ResourceMethodInvoker.invoke(ResourceMethodInvoker.java:469)
		at org.glassfish.jersey.server.model.ResourceMethodInvoker.apply(ResourceMethodInvoker.java:391)
		at org.glassfish.jersey.server.model.ResourceMethodInvoker.apply(ResourceMethodInvoker.java:80)
		at org.glassfish.jersey.server.ServerRuntime$1.run(ServerRuntime.java:253)
		at org.glassfish.jersey.internal.Errors$1.call(Errors.java:248)
		at org.glassfish.jersey.internal.Errors$1.call(Errors.java:244)
		at org.glassfish.jersey.internal.Errors.process(Errors.java:292)
		at org.glassfish.jersey.internal.Errors.process(Errors.java:274)
		at org.glassfish.jersey.internal.Errors.process(Errors.java:244)
		at org.glassfish.jersey.process.internal.RequestScope.runInScope(RequestScope.java:265)
		at org.glassfish.jersey.server.ServerRuntime.process(ServerRuntime.java:232)
		at org.glassfish.jersey.server.ApplicationHandler.handle(ApplicationHandler.java:679)
		at org.glassfish.jersey.servlet.WebComponent.serviceImpl(WebComponent.java:392)
		at org.glassfish.jersey.servlet.WebComponent.service(WebComponent.java:346)
		at org.glassfish.jersey.servlet.ServletContainer.service(ServletContainer.java:365)
		at org.glassfish.jersey.servlet.ServletContainer.service(ServletContainer.java:318)
		at org.glassfish.jersey.servlet.ServletContainer.service(ServletContainer.java:205)
		at org.apache.catalina.core.ApplicationFilterChain.internalDoFilter(ApplicationFilterChain.java:227)
		at org.apache.catalina.core.ApplicationFilterChain.doFilter(ApplicationFilterChain.java:162)
		at org.apache.tomcat.websocket.server.WsFilter.doFilter(WsFilter.java:53)
		at org.apache.catalina.core.ApplicationFilterChain.internalDoFilter(ApplicationFilterChain.java:189)
		at org.apache.catalina.core.ApplicationFilterChain.doFilter(ApplicationFilterChain.java:162)
		at org.apache.catalina.core.StandardWrapperValve.invoke(StandardWrapperValve.java:197)
		at org.apache.catalina.core.StandardContextValve.invoke(StandardContextValve.java:97)
		at org.apache.catalina.authenticator.AuthenticatorBase.invoke(AuthenticatorBase.java:540)
		at org.apache.catalina.core.StandardHostValve.invoke(StandardHostValve.java:135)
		at org.apache.catalina.valves.ErrorReportValve.invoke(ErrorReportValve.java:92)
		at org.apache.catalina.valves.AbstractAccessLogValve.invoke(AbstractAccessLogValve.java:687)
		at org.apache.catalina.core.StandardEngineValve.invoke(StandardEngineValve.java:78)
		at org.apache.catalina.connector.CoyoteAdapter.service(CoyoteAdapter.java:357)
		at org.apache.coyote.http11.Http11Processor.service(Http11Processor.java:382)
		at org.apache.coyote.AbstractProcessorLight.process(AbstractProcessorLight.java:65)
		at org.apache.coyote.AbstractProtocol$ConnectionHandler.process(AbstractProtocol.java:895)
		at org.apache.tomcat.util.net.NioEndpoint$SocketProcessor.doRun(NioEndpoint.java:1722)
		at org.apache.tomcat.util.net.SocketProcessorBase.run(SocketProcessorBase.java:49)
		at org.apache.tomcat.util.threads.ThreadPoolExecutor.runWorker(ThreadPoolExecutor.java:1191)
		at org.apache.tomcat.util.threads.ThreadPoolExecutor$Worker.run(ThreadPoolExecutor.java:659)
		at org.apache.tomcat.util.threads.TaskThread$WrappingRunnable.run(TaskThread.java:61)
		at java.base/java.lang.Thread.run(Thread.java:833)
16-Jul-2022 09:29:32.832 INFO [http-nio-8080-exec-5] org.hibernate.dialect.Dialect.<init> HHH000400: Using dialect: org.hibernate.dialect.MySQL57Dialect
16-Jul-2022 09:29:32.880 WARN [http-nio-8080-exec-5] org.hibernate.engine.jdbc.spi.SqlExceptionHelper.logExceptions SQL Error: 0, SQLState: 08S01
16-Jul-2022 09:29:32.880 ERROR [http-nio-8080-exec-5] org.hibernate.engine.jdbc.spi.SqlExceptionHelper.logExceptions Communications link failure

The last packet sent successfully to the server was 0 milliseconds ago. The driver has not received any packets from the server.
16-Jul-2022 09:32:14.422 WARNING [http-nio-8080-exec-7] org.apache.catalina.loader.WebappClassLoaderBase.clearReferencesJdbc L'application web [Documentation] a enregistré un pilote JDBC [com.mysql.cj.jdbc.Driver], mais ne l'a pas désenregistré avant l'arrêt de l'application.  Pour éviter une fuite de mémoire, le pilote JDBC a été désenregistré de force.
16-Jul-2022 09:32:14.423 WARNING [http-nio-8080-exec-7] org.apache.catalina.loader.WebappClassLoaderBase.clearReferencesThreads L'application web [Documentation] semble avoir démarré un thread nommé [mysql-cj-abandoned-connection-cleanup] mais ne l'a pas arrêté, ce qui va probablement créer une fuite de mémoire ; la trace du thread est : 
 java.base@18.0.1.1/java.lang.Object.wait(Native Method)
 java.base@18.0.1.1/java.lang.ref.ReferenceQueue.remove(ReferenceQueue.java:155)
 com.mysql.cj.jdbc.AbandonedConnectionCleanupThread.run(AbandonedConnectionCleanupThread.java:91)
 java.base@18.0.1.1/java.util.concurrent.ThreadPoolExecutor.runWorker(ThreadPoolExecutor.java:1136)
 java.base@18.0.1.1/java.util.concurrent.ThreadPoolExecutor$Worker.run(ThreadPoolExecutor.java:635)
 java.base@18.0.1.1/java.lang.Thread.run(Thread.java:833)
16-Jul-2022 09:32:14.937 INFO [http-nio-8080-exec-7] org.apache.catalina.startup.HostConfig.undeploy Retrait de l'application web ayant pour chemin de contexte [/Documentation]
16-Jul-2022 09:32:17.833 INFO [mysql-cj-abandoned-connection-cleanup] org.apache.catalina.loader.WebappClassLoaderBase.checkStateForResourceLoading Impossible de charger [], ce chargeur de classes a déjà été arrêté
	java.lang.IllegalStateException: Impossible de charger [], ce chargeur de classes a déjà été arrêté
		at org.apache.catalina.loader.WebappClassLoaderBase.checkStateForResourceLoading(WebappClassLoaderBase.java:1427)
		at org.apache.catalina.loader.WebappClassLoaderBase.getResource(WebappClassLoaderBase.java:1052)
		at com.mysql.cj.jdbc.AbandonedConnectionCleanupThread.checkThreadContextClassLoader(AbandonedConnectionCleanupThread.java:123)
		at com.mysql.cj.jdbc.AbandonedConnectionCleanupThread.run(AbandonedConnectionCleanupThread.java:90)
		at java.base/java.util.concurrent.ThreadPoolExecutor.runWorker(ThreadPoolExecutor.java:1136)
		at java.base/java.util.concurrent.ThreadPoolExecutor$Worker.run(ThreadPoolExecutor.java:635)
		at java.base/java.lang.Thread.run(Thread.java:833)
16-Jul-2022 09:32:40.427 INFO [http-nio-8080-exec-4] org.apache.catalina.startup.HostConfig.deployDescriptor Déploiement du descripteur de configuration [C:\Users\sanou\Anouar-Sao\perso\poe_java\M2i\Formation\Web Services\RESSOURCES\apache-tomcat-9.0.54\apache-tomcat-9.0.54\conf\Catalina\localhost\Documentation.xml]
16-Jul-2022 09:32:40.428 WARNING [http-nio-8080-exec-4] org.apache.catalina.startup.HostConfig.deployDescriptor L'attribut path avec la valeur [/Documentation] dans le descripteur de déploiement [C:\Users\sanou\Anouar-Sao\perso\poe_java\M2i\Formation\Web Services\RESSOURCES\apache-tomcat-9.0.54\apache-tomcat-9.0.54\conf\Catalina\localhost\Documentation.xml] a été ignoré
16-Jul-2022 09:32:42.158 INFO [http-nio-8080-exec-4] org.apache.jasper.servlet.TldScanner.scanJars Au moins un fichier JAR a été analysé pour trouver des TLDs mais il n'en contenait pas, le mode "debug" du journal peut être activé pour obtenir une liste complète de JAR scannés sans succès ; éviter d'analyser des JARs inutilement peut améliorer sensiblement le temps de démarrage et le temps de compilation des JSPs
16-Jul-2022 09:32:42.923 INFO [http-nio-8080-exec-4] org.apache.catalina.startup.HostConfig.deployDescriptor Le traitement du descripteur de déploiement [C:\Users\sanou\Anouar-Sao\perso\poe_java\M2i\Formation\Web Services\RESSOURCES\apache-tomcat-9.0.54\apache-tomcat-9.0.54\conf\Catalina\localhost\Documentation.xml] a pris [2 496] ms
16-Jul-2022 09:32:42.925 INFO [http-nio-8080-exec-10] org.apache.catalina.util.LifecycleBase.start La méthode start() a été appelée sur le composant [StandardEngine[Catalina].StandardHost[localhost].StandardContext[/Documentation]] après que start() ait déjà été appelé, le deuxième appel sera ignoré
16-Jul-2022 09:32:47.437 INFO [http-nio-8080-exec-12] org.hibernate.jpa.internal.util.LogHelper.logPersistenceUnitInformation HHH000204: Processing PersistenceUnitInfo [name: doc]
16-Jul-2022 09:32:47.551 INFO [http-nio-8080-exec-12] org.hibernate.Version.logVersion HHH000412: Hibernate ORM core version 5.5.4.Final
16-Jul-2022 09:32:47.887 INFO [http-nio-8080-exec-12] org.hibernate.annotations.common.reflection.java.JavaReflectionManager.<clinit> HCANN000001: Hibernate Commons Annotations {5.1.2.Final}
16-Jul-2022 09:32:48.356 WARN [http-nio-8080-exec-12] org.hibernate.engine.jdbc.connections.internal.DriverManagerConnectionProviderImpl.configure HHH10001002: Using Hibernate built-in connection pool (not for production use!)
16-Jul-2022 09:32:48.367 INFO [http-nio-8080-exec-12] org.hibernate.engine.jdbc.connections.internal.DriverManagerConnectionProviderImpl.buildCreator HHH10001005: using driver [com.mysql.cj.jdbc.Driver] at URL [jdbc:mysql://localhost:3306/documentation_online]
16-Jul-2022 09:32:48.367 INFO [http-nio-8080-exec-12] org.hibernate.engine.jdbc.connections.internal.DriverManagerConnectionProviderImpl.buildCreator HHH10001001: Connection properties: {password=****, user=root}
16-Jul-2022 09:32:48.367 INFO [http-nio-8080-exec-12] org.hibernate.engine.jdbc.connections.internal.DriverManagerConnectionProviderImpl.buildCreator HHH10001003: Autocommit mode: false
16-Jul-2022 09:32:48.374 INFO [http-nio-8080-exec-12] org.hibernate.engine.jdbc.connections.internal.DriverManagerConnectionProviderImpl$PooledConnections.<init> HHH000115: Hibernate connection pool size: 20 (min=1)
16-Jul-2022 09:32:48.794 INFO [http-nio-8080-exec-12] org.hibernate.dialect.Dialect.<init> HHH000400: Using dialect: org.hibernate.dialect.MySQL57Dialect
16-Jul-2022 09:32:50.594 INFO [http-nio-8080-exec-12] org.hibernate.resource.transaction.backend.jdbc.internal.DdlTransactionIsolatorNonJtaImpl.getIsolatedConnection HHH10001501: Connection obtained from JdbcConnectionAccess [org.hibernate.engine.jdbc.env.internal.JdbcEnvironmentInitiator$ConnectionProviderJdbcConnectionAccess@1a562102] for (non-JTA) DDL execution was not in auto-commit mode; the Connection 'local transaction' will be committed and the Connection will be set into auto-commit mode.
16-Jul-2022 09:32:50.653 INFO [http-nio-8080-exec-12] org.hibernate.resource.transaction.backend.jdbc.internal.DdlTransactionIsolatorNonJtaImpl.getIsolatedConnection HHH10001501: Connection obtained from JdbcConnectionAccess [org.hibernate.engine.jdbc.env.internal.JdbcEnvironmentInitiator$ConnectionProviderJdbcConnectionAccess@d43bf4c] for (non-JTA) DDL execution was not in auto-commit mode; the Connection 'local transaction' will be committed and the Connection will be set into auto-commit mode.
16-Jul-2022 09:32:50.689 INFO [http-nio-8080-exec-12] org.hibernate.engine.transaction.jta.platform.internal.JtaPlatformInitiator.initiateService HHH000490: Using JtaPlatform implementation: [org.hibernate.engine.transaction.jta.platform.internal.NoJtaPlatform]
16-Jul-2022 09:43:21.166 INFO [main] org.apache.catalina.core.StandardServer.await Une commande d'arrêt valide a été reçue sur le port d'arrêt, arrêt de l'instance du serveur
16-Jul-2022 09:43:21.167 INFO [main] org.apache.coyote.AbstractProtocol.pause Le gestionnaire de protocole ["http-nio-8080"] est mis en pause
16-Jul-2022 09:43:21.175 INFO [main] org.apache.catalina.core.StandardService.stopInternal Arrêt du service [Catalina]
16-Jul-2022 09:43:21.331 WARNING [main] org.apache.catalina.loader.WebappClassLoaderBase.clearReferencesJdbc L'application web [Documentation] a enregistré un pilote JDBC [com.mysql.cj.jdbc.Driver], mais ne l'a pas désenregistré avant l'arrêt de l'application.  Pour éviter une fuite de mémoire, le pilote JDBC a été désenregistré de force.
16-Jul-2022 09:43:21.331 WARNING [main] org.apache.catalina.loader.WebappClassLoaderBase.clearReferencesThreads L'application web [Documentation] semble avoir démarré un thread nommé [mysql-cj-abandoned-connection-cleanup] mais ne l'a pas arrêté, ce qui va probablement créer une fuite de mémoire ; la trace du thread est : 
 java.base@18.0.1.1/java.lang.Object.wait(Native Method)
 java.base@18.0.1.1/java.lang.ref.ReferenceQueue.remove(ReferenceQueue.java:155)
 com.mysql.cj.jdbc.AbandonedConnectionCleanupThread.run(AbandonedConnectionCleanupThread.java:91)
 java.base@18.0.1.1/java.util.concurrent.ThreadPoolExecutor.runWorker(ThreadPoolExecutor.java:1136)
 java.base@18.0.1.1/java.util.concurrent.ThreadPoolExecutor$Worker.run(ThreadPoolExecutor.java:635)
 java.base@18.0.1.1/java.lang.Thread.run(Thread.java:833)
16-Jul-2022 09:43:21.332 WARNING [main] org.apache.catalina.loader.WebappClassLoaderBase.clearReferencesThreads L'application web [Documentation] semble avoir démarré un thread nommé [Hibernate Connection Pool Validation Thread] mais ne l'a pas arrêté, ce qui va probablement créer une fuite de mémoire ; la trace du thread est : 
 java.base@18.0.1.1/jdk.internal.misc.Unsafe.park(Native Method)
 java.base@18.0.1.1/java.util.concurrent.locks.LockSupport.parkNanos(LockSupport.java:252)
 java.base@18.0.1.1/java.util.concurrent.locks.AbstractQueuedSynchronizer$ConditionObject.awaitNanos(AbstractQueuedSynchronizer.java:1672)
 java.base@18.0.1.1/java.util.concurrent.ScheduledThreadPoolExecutor$DelayedWorkQueue.take(ScheduledThreadPoolExecutor.java:1182)
 java.base@18.0.1.1/java.util.concurrent.ScheduledThreadPoolExecutor$DelayedWorkQueue.take(ScheduledThreadPoolExecutor.java:899)
 java.base@18.0.1.1/java.util.concurrent.ThreadPoolExecutor.getTask(ThreadPoolExecutor.java:1062)
 java.base@18.0.1.1/java.util.concurrent.ThreadPoolExecutor.runWorker(ThreadPoolExecutor.java:1122)
 java.base@18.0.1.1/java.util.concurrent.ThreadPoolExecutor$Worker.run(ThreadPoolExecutor.java:635)
 java.base@18.0.1.1/java.lang.Thread.run(Thread.java:833)
16-Jul-2022 09:43:21.349 INFO [main] org.apache.coyote.AbstractProtocol.stop Arrêt du gestionnaire de protocole ["http-nio-8080"]
16-Jul-2022 09:43:21.358 INFO [main] org.apache.coyote.AbstractProtocol.destroy Destruction du gestionnaire de protocole ["http-nio-8080"]
