12-Jul-2022 09:03:36.734 INFO [main] org.apache.catalina.core.ApplicationContext.log ContextListener: contextInitialized()
12-Jul-2022 09:03:36.734 INFO [main] org.apache.catalina.core.ApplicationContext.log SessionListener: contextInitialized()
12-Jul-2022 09:03:36.736 INFO [main] org.apache.catalina.core.ApplicationContext.log ContextListener: attributeAdded('StockTicker', 'async.Stockticker@194b9783')
12-Jul-2022 12:15:02.827 INFO [main] org.apache.catalina.core.ApplicationContext.log SessionListener: contextDestroyed()
12-Jul-2022 12:15:02.827 INFO [main] org.apache.catalina.core.ApplicationContext.log ContextListener: contextDestroyed()
12-Jul-2022 12:18:16.707 INFO [main] org.apache.catalina.core.ApplicationContext.log ContextListener: contextInitialized()
12-Jul-2022 12:18:16.707 INFO [main] org.apache.catalina.core.ApplicationContext.log SessionListener: contextInitialized()
12-Jul-2022 12:18:16.709 INFO [main] org.apache.catalina.core.ApplicationContext.log ContextListener: attributeAdded('StockTicker', 'async.Stockticker@35010a6b')
12-Jul-2022 14:14:38.082 SEVERE [http-nio-8080-exec-59] org.apache.catalina.core.StandardWrapperValve.invoke Servlet.service() du Servlet [Jersey Web app] dans le contexte au chemin [/JakartaDemo] a retourné une exception [java.util.ConcurrentModificationException] avec la cause
	java.util.ConcurrentModificationException
		at java.base/java.util.ArrayList$Itr.checkForComodification(ArrayList.java:1013)
		at java.base/java.util.ArrayList$Itr.next(ArrayList.java:967)
		at com.mycompany.jakartademo.business.Directory.delete(Directory.java:44)
		at com.mycompany.jakartademo.api.CustomerApi.delete(CustomerApi.java:85)
		at java.base/jdk.internal.reflect.DirectMethodHandleAccessor.invoke(DirectMethodHandleAccessor.java:104)
		at java.base/java.lang.reflect.Method.invoke(Method.java:577)
		at org.glassfish.jersey.server.model.internal.ResourceMethodInvocationHandlerFactory.lambda$static$0(ResourceMethodInvocationHandlerFactory.java:52)
		at org.glassfish.jersey.server.model.internal.AbstractJavaResourceMethodDispatcher$1.run(AbstractJavaResourceMethodDispatcher.java:124)
		at org.glassfish.jersey.server.model.internal.AbstractJavaResourceMethodDispatcher.invoke(AbstractJavaResourceMethodDispatcher.java:167)
		at org.glassfish.jersey.server.model.internal.JavaResourceMethodDispatcherProvider$VoidOutInvoker.doDispatch(JavaResourceMethodDispatcherProvider.java:159)
		at org.glassfish.jersey.server.model.internal.AbstractJavaResourceMethodDispatcher.dispatch(AbstractJavaResourceMethodDispatcher.java:79)
		at org.glassfish.jersey.server.model.ResourceMethodInvoker.invoke(ResourceMethodInvoker.java:469)
		at org.glassfish.jersey.server.model.ResourceMethodInvoker.apply(ResourceMethodInvoker.java:391)
		at org.glassfish.jersey.server.model.ResourceMethodInvoker.apply(ResourceMethodInvoker.java:80)
		at org.glassfish.jersey.server.ServerRuntime$1.run(ServerRuntime.java:253)
		at org.glassfish.jersey.internal.Errors$1.call(Errors.java:248)
		at org.glassfish.jersey.internal.Errors$1.call(Errors.java:244)
		at org.glassfish.jersey.internal.Errors.process(Errors.java:292)
		at org.glassfish.jersey.internal.Errors.process(Errors.java:274)
		at org.glassfish.jersey.internal.Errors.process(Errors.java:244)
		at org.glassfish.jersey.process.internal.RequestScope.runInScope(RequestScope.java:265)
		at org.glassfish.jersey.server.ServerRuntime.process(ServerRuntime.java:232)
		at org.glassfish.jersey.server.ApplicationHandler.handle(ApplicationHandler.java:679)
		at org.glassfish.jersey.servlet.WebComponent.serviceImpl(WebComponent.java:392)
		at org.glassfish.jersey.servlet.WebComponent.service(WebComponent.java:346)
		at org.glassfish.jersey.servlet.ServletContainer.service(ServletContainer.java:365)
		at org.glassfish.jersey.servlet.ServletContainer.service(ServletContainer.java:318)
		at org.glassfish.jersey.servlet.ServletContainer.service(ServletContainer.java:205)
		at org.apache.catalina.core.ApplicationFilterChain.internalDoFilter(ApplicationFilterChain.java:227)
		at org.apache.catalina.core.ApplicationFilterChain.doFilter(ApplicationFilterChain.java:162)
		at org.apache.tomcat.websocket.server.WsFilter.doFilter(WsFilter.java:53)
		at org.apache.catalina.core.ApplicationFilterChain.internalDoFilter(ApplicationFilterChain.java:189)
		at org.apache.catalina.core.ApplicationFilterChain.doFilter(ApplicationFilterChain.java:162)
		at org.apache.catalina.core.StandardWrapperValve.invoke(StandardWrapperValve.java:197)
		at org.apache.catalina.core.StandardContextValve.invoke(StandardContextValve.java:97)
		at org.apache.catalina.authenticator.AuthenticatorBase.invoke(AuthenticatorBase.java:540)
		at org.apache.catalina.core.StandardHostValve.invoke(StandardHostValve.java:135)
		at org.apache.catalina.valves.ErrorReportValve.invoke(ErrorReportValve.java:92)
		at org.apache.catalina.valves.AbstractAccessLogValve.invoke(AbstractAccessLogValve.java:687)
		at org.apache.catalina.core.StandardEngineValve.invoke(StandardEngineValve.java:78)
		at org.apache.catalina.connector.CoyoteAdapter.service(CoyoteAdapter.java:357)
		at org.apache.coyote.http11.Http11Processor.service(Http11Processor.java:382)
		at org.apache.coyote.AbstractProcessorLight.process(AbstractProcessorLight.java:65)
		at org.apache.coyote.AbstractProtocol$ConnectionHandler.process(AbstractProtocol.java:895)
		at org.apache.tomcat.util.net.NioEndpoint$SocketProcessor.doRun(NioEndpoint.java:1722)
		at org.apache.tomcat.util.net.SocketProcessorBase.run(SocketProcessorBase.java:49)
		at org.apache.tomcat.util.threads.ThreadPoolExecutor.runWorker(ThreadPoolExecutor.java:1191)
		at org.apache.tomcat.util.threads.ThreadPoolExecutor$Worker.run(ThreadPoolExecutor.java:659)
		at org.apache.tomcat.util.threads.TaskThread$WrappingRunnable.run(TaskThread.java:61)
		at java.base/java.lang.Thread.run(Thread.java:833)
12-Jul-2022 14:15:38.496 INFO [main] org.apache.catalina.core.ApplicationContext.log SessionListener: contextDestroyed()
12-Jul-2022 14:15:38.496 INFO [main] org.apache.catalina.core.ApplicationContext.log ContextListener: contextDestroyed()
12-Jul-2022 14:16:01.994 INFO [main] org.apache.catalina.core.ApplicationContext.log ContextListener: contextInitialized()
12-Jul-2022 14:16:01.994 INFO [main] org.apache.catalina.core.ApplicationContext.log SessionListener: contextInitialized()
12-Jul-2022 14:16:01.996 INFO [main] org.apache.catalina.core.ApplicationContext.log ContextListener: attributeAdded('StockTicker', 'async.Stockticker@7c421952')
12-Jul-2022 14:54:17.595 SEVERE [http-nio-8080-exec-35] org.apache.catalina.core.StandardWrapperValve.invoke Servlet.service() du Servlet [Jersey Web app] dans le contexte au chemin [/JakartaDemo] a retourné une exception [java.util.NoSuchElementException: No value present] avec la cause
	java.util.NoSuchElementException: No value present
		at java.base/java.util.Optional.get(Optional.java:143)
		at com.mycompany.jakartademo.api.CustomerApi.getById(CustomerApi.java:75)
		at java.base/jdk.internal.reflect.DirectMethodHandleAccessor.invoke(DirectMethodHandleAccessor.java:104)
		at java.base/java.lang.reflect.Method.invoke(Method.java:577)
		at org.glassfish.jersey.server.model.internal.ResourceMethodInvocationHandlerFactory.lambda$static$0(ResourceMethodInvocationHandlerFactory.java:52)
		at org.glassfish.jersey.server.model.internal.AbstractJavaResourceMethodDispatcher$1.run(AbstractJavaResourceMethodDispatcher.java:124)
		at org.glassfish.jersey.server.model.internal.AbstractJavaResourceMethodDispatcher.invoke(AbstractJavaResourceMethodDispatcher.java:167)
		at org.glassfish.jersey.server.model.internal.JavaResourceMethodDispatcherProvider$TypeOutInvoker.doDispatch(JavaResourceMethodDispatcherProvider.java:219)
		at org.glassfish.jersey.server.model.internal.AbstractJavaResourceMethodDispatcher.dispatch(AbstractJavaResourceMethodDispatcher.java:79)
		at org.glassfish.jersey.server.model.ResourceMethodInvoker.invoke(ResourceMethodInvoker.java:469)
		at org.glassfish.jersey.server.model.ResourceMethodInvoker.apply(ResourceMethodInvoker.java:391)
		at org.glassfish.jersey.server.model.ResourceMethodInvoker.apply(ResourceMethodInvoker.java:80)
		at org.glassfish.jersey.server.ServerRuntime$1.run(ServerRuntime.java:253)
		at org.glassfish.jersey.internal.Errors$1.call(Errors.java:248)
		at org.glassfish.jersey.internal.Errors$1.call(Errors.java:244)
		at org.glassfish.jersey.internal.Errors.process(Errors.java:292)
		at org.glassfish.jersey.internal.Errors.process(Errors.java:274)
		at org.glassfish.jersey.internal.Errors.process(Errors.java:244)
		at org.glassfish.jersey.process.internal.RequestScope.runInScope(RequestScope.java:265)
		at org.glassfish.jersey.server.ServerRuntime.process(ServerRuntime.java:232)
		at org.glassfish.jersey.server.ApplicationHandler.handle(ApplicationHandler.java:679)
		at org.glassfish.jersey.servlet.WebComponent.serviceImpl(WebComponent.java:392)
		at org.glassfish.jersey.servlet.WebComponent.service(WebComponent.java:346)
		at org.glassfish.jersey.servlet.ServletContainer.service(ServletContainer.java:365)
		at org.glassfish.jersey.servlet.ServletContainer.service(ServletContainer.java:318)
		at org.glassfish.jersey.servlet.ServletContainer.service(ServletContainer.java:205)
		at org.apache.catalina.core.ApplicationFilterChain.internalDoFilter(ApplicationFilterChain.java:227)
		at org.apache.catalina.core.ApplicationFilterChain.doFilter(ApplicationFilterChain.java:162)
		at org.apache.tomcat.websocket.server.WsFilter.doFilter(WsFilter.java:53)
		at org.apache.catalina.core.ApplicationFilterChain.internalDoFilter(ApplicationFilterChain.java:189)
		at org.apache.catalina.core.ApplicationFilterChain.doFilter(ApplicationFilterChain.java:162)
		at org.apache.catalina.core.StandardWrapperValve.invoke(StandardWrapperValve.java:197)
		at org.apache.catalina.core.StandardContextValve.invoke(StandardContextValve.java:97)
		at org.apache.catalina.authenticator.AuthenticatorBase.invoke(AuthenticatorBase.java:540)
		at org.apache.catalina.core.StandardHostValve.invoke(StandardHostValve.java:135)
		at org.apache.catalina.valves.ErrorReportValve.invoke(ErrorReportValve.java:92)
		at org.apache.catalina.valves.AbstractAccessLogValve.invoke(AbstractAccessLogValve.java:687)
		at org.apache.catalina.core.StandardEngineValve.invoke(StandardEngineValve.java:78)
		at org.apache.catalina.connector.CoyoteAdapter.service(CoyoteAdapter.java:357)
		at org.apache.coyote.http11.Http11Processor.service(Http11Processor.java:382)
		at org.apache.coyote.AbstractProcessorLight.process(AbstractProcessorLight.java:65)
		at org.apache.coyote.AbstractProtocol$ConnectionHandler.process(AbstractProtocol.java:895)
		at org.apache.tomcat.util.net.NioEndpoint$SocketProcessor.doRun(NioEndpoint.java:1722)
		at org.apache.tomcat.util.net.SocketProcessorBase.run(SocketProcessorBase.java:49)
		at org.apache.tomcat.util.threads.ThreadPoolExecutor.runWorker(ThreadPoolExecutor.java:1191)
		at org.apache.tomcat.util.threads.ThreadPoolExecutor$Worker.run(ThreadPoolExecutor.java:659)
		at org.apache.tomcat.util.threads.TaskThread$WrappingRunnable.run(TaskThread.java:61)
		at java.base/java.lang.Thread.run(Thread.java:833)
12-Jul-2022 15:06:13.231 INFO [main] org.apache.catalina.core.ApplicationContext.log SessionListener: contextDestroyed()
12-Jul-2022 15:06:13.231 INFO [main] org.apache.catalina.core.ApplicationContext.log ContextListener: contextDestroyed()
12-Jul-2022 15:44:06.163 INFO [main] org.apache.catalina.core.ApplicationContext.log ContextListener: contextInitialized()
12-Jul-2022 15:44:06.163 INFO [main] org.apache.catalina.core.ApplicationContext.log SessionListener: contextInitialized()
12-Jul-2022 15:44:06.165 INFO [main] org.apache.catalina.core.ApplicationContext.log ContextListener: attributeAdded('StockTicker', 'async.Stockticker@35e07e19')
12-Jul-2022 15:44:48.215 INFO [main] org.apache.catalina.core.ApplicationContext.log SessionListener: contextDestroyed()
12-Jul-2022 15:44:48.215 INFO [main] org.apache.catalina.core.ApplicationContext.log ContextListener: contextDestroyed()
12-Jul-2022 16:13:04.597 INFO [main] org.apache.catalina.core.ApplicationContext.log ContextListener: contextInitialized()
12-Jul-2022 16:13:04.597 INFO [main] org.apache.catalina.core.ApplicationContext.log SessionListener: contextInitialized()
12-Jul-2022 16:13:04.599 INFO [main] org.apache.catalina.core.ApplicationContext.log ContextListener: attributeAdded('StockTicker', 'async.Stockticker@5a13f1f7')
12-Jul-2022 17:04:59.263 INFO [main] org.apache.catalina.core.ApplicationContext.log SessionListener: contextDestroyed()
12-Jul-2022 17:04:59.263 INFO [main] org.apache.catalina.core.ApplicationContext.log ContextListener: contextDestroyed()
12-Jul-2022 17:06:46.615 INFO [main] org.apache.catalina.core.ApplicationContext.log ContextListener: contextInitialized()
12-Jul-2022 17:06:46.615 INFO [main] org.apache.catalina.core.ApplicationContext.log SessionListener: contextInitialized()
12-Jul-2022 17:06:46.617 INFO [main] org.apache.catalina.core.ApplicationContext.log ContextListener: attributeAdded('StockTicker', 'async.Stockticker@3aac31b7')
12-Jul-2022 17:57:07.637 INFO [main] org.apache.catalina.core.ApplicationContext.log SessionListener: contextDestroyed()
12-Jul-2022 17:57:07.637 INFO [main] org.apache.catalina.core.ApplicationContext.log ContextListener: contextDestroyed()
12-Jul-2022 17:58:00.589 INFO [main] org.apache.catalina.core.ApplicationContext.log ContextListener: contextInitialized()
12-Jul-2022 17:58:00.589 INFO [main] org.apache.catalina.core.ApplicationContext.log SessionListener: contextInitialized()
12-Jul-2022 17:58:00.591 INFO [main] org.apache.catalina.core.ApplicationContext.log ContextListener: attributeAdded('StockTicker', 'async.Stockticker@367026f')
12-Jul-2022 18:07:31.945 INFO [main] org.apache.catalina.core.ApplicationContext.log SessionListener: contextDestroyed()
12-Jul-2022 18:07:31.945 INFO [main] org.apache.catalina.core.ApplicationContext.log ContextListener: contextDestroyed()
