12-Jul-2022 09:03:39.127 INFO [http-nio-8080-exec-5] org.apache.catalina.core.ApplicationContext.log Manager: init: Associated with Deployer 'Catalina:type=Deployer,host=localhost'
12-Jul-2022 09:03:39.127 INFO [http-nio-8080-exec-5] org.apache.catalina.core.ApplicationContext.log Manager: init: Global resources are available
12-Jul-2022 09:03:39.156 INFO [http-nio-8080-exec-8] org.apache.catalina.core.ApplicationContext.log Manager: list: Listing contexts for virtual host 'localhost'
12-Jul-2022 09:03:39.160 INFO [http-nio-8080-exec-9] org.apache.catalina.core.ApplicationContext.log Manager: list: Listing contexts for virtual host 'localhost'
12-Jul-2022 09:03:39.168 INFO [http-nio-8080-exec-10] org.apache.catalina.core.ApplicationContext.log Manager: undeploy: Undeploying web application at '/JakartaDemo'
12-Jul-2022 09:03:39.723 INFO [http-nio-8080-exec-9] org.apache.catalina.core.ApplicationContext.log Manager: install: Installing context configuration at 'file:/C:/Users/sanou/AppData/Local/Temp/context12709088266612697068.xml'
12-Jul-2022 09:03:41.452 INFO [http-nio-8080-exec-5] org.apache.catalina.core.ApplicationContext.log Manager: start: Starting web application '/JakartaDemo'
12-Jul-2022 09:04:51.857 INFO [http-nio-8080-exec-11] org.apache.catalina.core.ApplicationContext.log Manager: list: Listing contexts for virtual host 'localhost'
12-Jul-2022 09:04:51.859 INFO [http-nio-8080-exec-15] org.apache.catalina.core.ApplicationContext.log Manager: list: Listing contexts for virtual host 'localhost'
12-Jul-2022 09:04:51.865 INFO [http-nio-8080-exec-16] org.apache.catalina.core.ApplicationContext.log Manager: undeploy: Undeploying web application at '/JakartaDemo'
12-Jul-2022 09:04:52.405 INFO [http-nio-8080-exec-17] org.apache.catalina.core.ApplicationContext.log Manager: install: Installing context configuration at 'file:/C:/Users/sanou/AppData/Local/Temp/context13631776403357656942.xml'
12-Jul-2022 09:04:54.163 INFO [http-nio-8080-exec-18] org.apache.catalina.core.ApplicationContext.log Manager: start: Starting web application '/JakartaDemo'
12-Jul-2022 09:18:46.104 INFO [http-nio-8080-exec-21] org.apache.catalina.core.ApplicationContext.log Manager: list: Listing contexts for virtual host 'localhost'
12-Jul-2022 09:18:46.126 INFO [http-nio-8080-exec-23] org.apache.catalina.core.ApplicationContext.log Manager: restart: Reloading web application '/JakartaDemo'
12-Jul-2022 09:19:25.727 INFO [http-nio-8080-exec-29] org.apache.catalina.core.ApplicationContext.log Manager: list: Listing contexts for virtual host 'localhost'
12-Jul-2022 09:19:25.746 INFO [http-nio-8080-exec-25] org.apache.catalina.core.ApplicationContext.log Manager: restart: Reloading web application '/JakartaDemo'
12-Jul-2022 09:19:48.303 INFO [http-nio-8080-exec-33] org.apache.catalina.core.ApplicationContext.log Manager: list: Listing contexts for virtual host 'localhost'
12-Jul-2022 09:19:48.327 INFO [http-nio-8080-exec-31] org.apache.catalina.core.ApplicationContext.log Manager: restart: Reloading web application '/JakartaDemo'
12-Jul-2022 09:19:50.521 INFO [http-nio-8080-exec-29] org.apache.catalina.core.ApplicationContext.log Manager: list: Listing contexts for virtual host 'localhost'
12-Jul-2022 09:19:50.541 INFO [http-nio-8080-exec-30] org.apache.catalina.core.ApplicationContext.log Manager: restart: Reloading web application '/JakartaDemo'
12-Jul-2022 09:33:41.380 INFO [http-nio-8080-exec-35] org.apache.catalina.core.ApplicationContext.log Manager: list: Listing contexts for virtual host 'localhost'
12-Jul-2022 09:33:41.400 INFO [http-nio-8080-exec-36] org.apache.catalina.core.ApplicationContext.log Manager: restart: Reloading web application '/JakartaDemo'
12-Jul-2022 09:37:25.907 INFO [http-nio-8080-exec-46] org.apache.catalina.core.ApplicationContext.log Manager: list: Listing contexts for virtual host 'localhost'
12-Jul-2022 09:37:25.927 INFO [http-nio-8080-exec-47] org.apache.catalina.core.ApplicationContext.log Manager: restart: Reloading web application '/JakartaDemo'
12-Jul-2022 09:47:40.792 INFO [http-nio-8080-exec-55] org.apache.catalina.core.ApplicationContext.log Manager: list: Listing contexts for virtual host 'localhost'
12-Jul-2022 09:47:40.814 INFO [http-nio-8080-exec-54] org.apache.catalina.core.ApplicationContext.log Manager: restart: Reloading web application '/JakartaDemo'
12-Jul-2022 11:04:09.863 INFO [http-nio-8080-exec-67] org.apache.catalina.core.ApplicationContext.log Manager: list: Listing contexts for virtual host 'localhost'
12-Jul-2022 11:04:09.882 INFO [http-nio-8080-exec-66] org.apache.catalina.core.ApplicationContext.log Manager: restart: Reloading web application '/JakartaDemo'
12-Jul-2022 11:21:50.309 INFO [http-nio-8080-exec-77] org.apache.catalina.core.ApplicationContext.log Manager: list: Listing contexts for virtual host 'localhost'
12-Jul-2022 11:21:50.325 INFO [http-nio-8080-exec-76] org.apache.catalina.core.ApplicationContext.log Manager: restart: Reloading web application '/JakartaDemo'
12-Jul-2022 11:23:41.275 INFO [http-nio-8080-exec-82] org.apache.catalina.core.ApplicationContext.log Manager: list: Listing contexts for virtual host 'localhost'
12-Jul-2022 11:23:41.297 INFO [http-nio-8080-exec-83] org.apache.catalina.core.ApplicationContext.log Manager: restart: Reloading web application '/JakartaDemo'
12-Jul-2022 11:28:07.327 INFO [http-nio-8080-exec-92] org.apache.catalina.core.ApplicationContext.log Manager: list: Listing contexts for virtual host 'localhost'
12-Jul-2022 11:28:07.334 INFO [http-nio-8080-exec-93] org.apache.catalina.core.ApplicationContext.log Manager: undeploy: Undeploying web application at '/JakartaDemo'
12-Jul-2022 11:28:33.954 INFO [http-nio-8080-exec-90] org.apache.catalina.core.ApplicationContext.log Manager: list: Listing contexts for virtual host 'localhost'
12-Jul-2022 11:28:33.957 INFO [http-nio-8080-exec-97] org.apache.catalina.core.ApplicationContext.log Manager: list: Listing contexts for virtual host 'localhost'
12-Jul-2022 11:28:33.967 INFO [http-nio-8080-exec-93] org.apache.catalina.core.ApplicationContext.log Manager: install: Installing context configuration at 'file:/C:/Users/sanou/AppData/Local/Temp/context16683099125976525140.xml'
12-Jul-2022 11:28:35.995 INFO [http-nio-8080-exec-98] org.apache.catalina.core.ApplicationContext.log Manager: start: Starting web application '/JakartaDemo'
12-Jul-2022 11:47:42.523 INFO [http-nio-8080-exec-104] org.apache.catalina.core.ApplicationContext.log Manager: list: Listing contexts for virtual host 'localhost'
12-Jul-2022 11:47:42.526 INFO [http-nio-8080-exec-105] org.apache.catalina.core.ApplicationContext.log Manager: undeploy: Undeploying web application at '/JakartaDemo'
12-Jul-2022 11:51:48.259 INFO [http-nio-8080-exec-110] org.apache.catalina.core.ApplicationContext.log Manager: list: Listing contexts for virtual host 'localhost'
12-Jul-2022 11:51:53.862 INFO [http-nio-8080-exec-108] org.apache.catalina.core.ApplicationContext.log Manager: list: Listing contexts for virtual host 'localhost'
12-Jul-2022 11:53:09.318 INFO [http-nio-8080-exec-113] org.apache.catalina.core.ApplicationContext.log Manager: list: Listing contexts for virtual host 'localhost'
12-Jul-2022 11:53:40.070 INFO [http-nio-8080-exec-111] org.apache.catalina.core.ApplicationContext.log Manager: list: Listing contexts for virtual host 'localhost'
12-Jul-2022 11:54:04.801 INFO [http-nio-8080-exec-115] org.apache.catalina.core.ApplicationContext.log Manager: list: Listing contexts for virtual host 'localhost'
12-Jul-2022 11:56:18.534 INFO [http-nio-8080-exec-109] org.apache.catalina.core.ApplicationContext.log Manager: list: Listing contexts for virtual host 'localhost'
12-Jul-2022 11:57:54.388 INFO [http-nio-8080-exec-112] org.apache.catalina.core.ApplicationContext.log Manager: list: Listing contexts for virtual host 'localhost'
12-Jul-2022 11:58:10.875 INFO [http-nio-8080-exec-110] org.apache.catalina.core.ApplicationContext.log Manager: list: Listing contexts for virtual host 'localhost'
12-Jul-2022 11:59:32.705 INFO [http-nio-8080-exec-114] org.apache.catalina.core.ApplicationContext.log Manager: list: Listing contexts for virtual host 'localhost'
12-Jul-2022 11:59:51.267 INFO [http-nio-8080-exec-115] org.apache.catalina.core.ApplicationContext.log Manager: list: Listing contexts for virtual host 'localhost'
12-Jul-2022 12:00:17.351 INFO [http-nio-8080-exec-115] org.apache.catalina.core.ApplicationContext.log Manager: list: Listing contexts for virtual host 'localhost'
12-Jul-2022 12:00:28.869 INFO [http-nio-8080-exec-113] org.apache.catalina.core.ApplicationContext.log Manager: list: Listing contexts for virtual host 'localhost'
12-Jul-2022 12:00:28.872 INFO [http-nio-8080-exec-110] org.apache.catalina.core.ApplicationContext.log Manager: list: Listing contexts for virtual host 'localhost'
12-Jul-2022 12:00:28.882 INFO [http-nio-8080-exec-116] org.apache.catalina.core.ApplicationContext.log Manager: install: Installing context configuration at 'file:/C:/Users/sanou/AppData/Local/Temp/context13668146391089585751.xml'
12-Jul-2022 12:00:30.722 INFO [http-nio-8080-exec-115] org.apache.catalina.core.ApplicationContext.log Manager: start: Starting web application '/JakartaDemo'
12-Jul-2022 12:18:17.082 INFO [http-nio-8080-exec-3] org.apache.catalina.core.ApplicationContext.log Manager: init: Associated with Deployer 'Catalina:type=Deployer,host=localhost'
12-Jul-2022 12:18:17.083 INFO [http-nio-8080-exec-3] org.apache.catalina.core.ApplicationContext.log Manager: init: Global resources are available
12-Jul-2022 12:18:17.099 INFO [http-nio-8080-exec-1] org.apache.catalina.core.ApplicationContext.log Manager: list: Listing contexts for virtual host 'localhost'
12-Jul-2022 12:18:17.103 INFO [http-nio-8080-exec-5] org.apache.catalina.core.ApplicationContext.log Manager: list: Listing contexts for virtual host 'localhost'
12-Jul-2022 12:18:17.111 INFO [http-nio-8080-exec-8] org.apache.catalina.core.ApplicationContext.log Manager: undeploy: Undeploying web application at '/JakartaDemo'
12-Jul-2022 12:18:17.676 INFO [http-nio-8080-exec-6] org.apache.catalina.core.ApplicationContext.log Manager: install: Installing context configuration at 'file:/C:/Users/sanou/AppData/Local/Temp/context13446334880703509759.xml'
12-Jul-2022 12:18:19.630 INFO [http-nio-8080-exec-10] org.apache.catalina.core.ApplicationContext.log Manager: start: Starting web application '/JakartaDemo'
12-Jul-2022 13:40:44.088 INFO [http-nio-8080-exec-13] org.apache.catalina.core.ApplicationContext.log Manager: list: Listing contexts for virtual host 'localhost'
12-Jul-2022 13:40:44.105 INFO [http-nio-8080-exec-14] org.apache.catalina.core.ApplicationContext.log Manager: restart: Reloading web application '/JakartaDemo'
12-Jul-2022 13:43:00.129 INFO [http-nio-8080-exec-22] org.apache.catalina.core.ApplicationContext.log Manager: list: Listing contexts for virtual host 'localhost'
12-Jul-2022 13:43:00.146 INFO [http-nio-8080-exec-23] org.apache.catalina.core.ApplicationContext.log Manager: restart: Reloading web application '/JakartaDemo'
12-Jul-2022 13:51:01.447 INFO [http-nio-8080-exec-28] org.apache.catalina.core.ApplicationContext.log Manager: list: Listing contexts for virtual host 'localhost'
12-Jul-2022 13:51:01.463 INFO [http-nio-8080-exec-30] org.apache.catalina.core.ApplicationContext.log Manager: restart: Reloading web application '/JakartaDemo'
12-Jul-2022 13:51:11.037 INFO [http-nio-8080-exec-35] org.apache.catalina.core.ApplicationContext.log Manager: list: Listing contexts for virtual host 'localhost'
12-Jul-2022 13:51:11.041 INFO [http-nio-8080-exec-36] org.apache.catalina.core.ApplicationContext.log Manager: undeploy: Undeploying web application at '/JakartaDemo'
12-Jul-2022 13:51:36.687 INFO [http-nio-8080-exec-29] org.apache.catalina.core.ApplicationContext.log Manager: list: Listing contexts for virtual host 'localhost'
12-Jul-2022 13:51:36.690 INFO [http-nio-8080-exec-38] org.apache.catalina.core.ApplicationContext.log Manager: list: Listing contexts for virtual host 'localhost'
12-Jul-2022 13:51:36.698 INFO [http-nio-8080-exec-36] org.apache.catalina.core.ApplicationContext.log Manager: install: Installing context configuration at 'file:/C:/Users/sanou/AppData/Local/Temp/context18130732109328955554.xml'
12-Jul-2022 13:51:38.381 INFO [http-nio-8080-exec-39] org.apache.catalina.core.ApplicationContext.log Manager: start: Starting web application '/JakartaDemo'
12-Jul-2022 14:06:20.127 INFO [http-nio-8080-exec-43] org.apache.catalina.core.ApplicationContext.log Manager: list: Listing contexts for virtual host 'localhost'
12-Jul-2022 14:06:20.142 INFO [http-nio-8080-exec-44] org.apache.catalina.core.ApplicationContext.log Manager: restart: Reloading web application '/JakartaDemo'
12-Jul-2022 14:07:28.538 INFO [http-nio-8080-exec-52] org.apache.catalina.core.ApplicationContext.log Manager: list: Listing contexts for virtual host 'localhost'
12-Jul-2022 14:07:28.554 INFO [http-nio-8080-exec-40] org.apache.catalina.core.ApplicationContext.log Manager: restart: Reloading web application '/JakartaDemo'
12-Jul-2022 14:15:03.172 INFO [http-nio-8080-exec-62] org.apache.catalina.core.ApplicationContext.log Manager: list: Listing contexts for virtual host 'localhost'
12-Jul-2022 14:15:03.192 INFO [http-nio-8080-exec-53] org.apache.catalina.core.ApplicationContext.log Manager: restart: Reloading web application '/JakartaDemo'
12-Jul-2022 14:16:02.307 INFO [http-nio-8080-exec-3] org.apache.catalina.core.ApplicationContext.log Manager: init: Associated with Deployer 'Catalina:type=Deployer,host=localhost'
12-Jul-2022 14:16:02.307 INFO [http-nio-8080-exec-3] org.apache.catalina.core.ApplicationContext.log Manager: init: Global resources are available
12-Jul-2022 14:16:02.344 INFO [http-nio-8080-exec-10] org.apache.catalina.core.ApplicationContext.log Manager: list: Listing contexts for virtual host 'localhost'
12-Jul-2022 14:16:02.348 INFO [http-nio-8080-exec-6] org.apache.catalina.core.ApplicationContext.log Manager: list: Listing contexts for virtual host 'localhost'
12-Jul-2022 14:16:02.356 INFO [http-nio-8080-exec-7] org.apache.catalina.core.ApplicationContext.log Manager: undeploy: Undeploying web application at '/JakartaDemo'
12-Jul-2022 14:16:02.935 INFO [http-nio-8080-exec-9] org.apache.catalina.core.ApplicationContext.log Manager: install: Installing context configuration at 'file:/C:/Users/sanou/AppData/Local/Temp/context9654610687619161241.xml'
12-Jul-2022 14:16:05.025 INFO [http-nio-8080-exec-4] org.apache.catalina.core.ApplicationContext.log Manager: start: Starting web application '/JakartaDemo'
12-Jul-2022 14:32:29.649 INFO [http-nio-8080-exec-11] org.apache.catalina.core.ApplicationContext.log Manager: list: Listing contexts for virtual host 'localhost'
12-Jul-2022 14:32:29.668 INFO [http-nio-8080-exec-18] org.apache.catalina.core.ApplicationContext.log Manager: restart: Reloading web application '/JakartaDemo'
12-Jul-2022 14:35:42.082 INFO [http-nio-8080-exec-22] org.apache.catalina.core.ApplicationContext.log Manager: list: Listing contexts for virtual host 'localhost'
12-Jul-2022 14:35:42.099 INFO [http-nio-8080-exec-23] org.apache.catalina.core.ApplicationContext.log Manager: restart: Reloading web application '/JakartaDemo'
12-Jul-2022 14:35:46.923 INFO [http-nio-8080-exec-16] org.apache.catalina.core.ApplicationContext.log Manager: list: Listing contexts for virtual host 'localhost'
12-Jul-2022 14:35:46.926 INFO [http-nio-8080-exec-27] org.apache.catalina.core.ApplicationContext.log Manager: undeploy: Undeploying web application at '/JakartaDemo'
12-Jul-2022 14:35:47.097 INFO [http-nio-8080-exec-28] org.apache.catalina.core.ApplicationContext.log Manager: list: Listing contexts for virtual host 'localhost'
12-Jul-2022 14:35:47.459 INFO [http-nio-8080-exec-21] org.apache.catalina.core.ApplicationContext.log Manager: restart: Reloading web application '/JakartaDemo'
12-Jul-2022 14:35:52.630 INFO [http-nio-8080-exec-27] org.apache.catalina.core.ApplicationContext.log Manager: list: Listing contexts for virtual host 'localhost'
12-Jul-2022 14:35:52.633 INFO [http-nio-8080-exec-21] org.apache.catalina.core.ApplicationContext.log Manager: list: Listing contexts for virtual host 'localhost'
12-Jul-2022 14:36:01.115 INFO [http-nio-8080-exec-29] org.apache.catalina.core.ApplicationContext.log Manager: list: Listing contexts for virtual host 'localhost'
12-Jul-2022 14:36:01.118 INFO [http-nio-8080-exec-21] org.apache.catalina.core.ApplicationContext.log Manager: list: Listing contexts for virtual host 'localhost'
12-Jul-2022 14:36:01.127 INFO [http-nio-8080-exec-16] org.apache.catalina.core.ApplicationContext.log Manager: install: Installing context configuration at 'file:/C:/Users/sanou/AppData/Local/Temp/context8867488708077043574.xml'
12-Jul-2022 14:36:03.065 INFO [http-nio-8080-exec-30] org.apache.catalina.core.ApplicationContext.log Manager: start: Starting web application '/JakartaDemo'
12-Jul-2022 14:53:48.739 INFO [http-nio-8080-exec-35] org.apache.catalina.core.ApplicationContext.log Manager: list: Listing contexts for virtual host 'localhost'
12-Jul-2022 14:53:48.744 INFO [http-nio-8080-exec-31] org.apache.catalina.core.ApplicationContext.log Manager: undeploy: Undeploying web application at '/JakartaDemo'
12-Jul-2022 14:54:05.666 INFO [http-nio-8080-exec-38] org.apache.catalina.core.ApplicationContext.log Manager: list: Listing contexts for virtual host 'localhost'
12-Jul-2022 14:54:05.669 INFO [http-nio-8080-exec-33] org.apache.catalina.core.ApplicationContext.log Manager: list: Listing contexts for virtual host 'localhost'
12-Jul-2022 14:54:05.680 INFO [http-nio-8080-exec-39] org.apache.catalina.core.ApplicationContext.log Manager: install: Installing context configuration at 'file:/C:/Users/sanou/AppData/Local/Temp/context11926215187947636903.xml'
12-Jul-2022 14:54:07.424 INFO [http-nio-8080-exec-41] org.apache.catalina.core.ApplicationContext.log Manager: start: Starting web application '/JakartaDemo'
12-Jul-2022 14:56:31.308 INFO [http-nio-8080-exec-41] org.apache.catalina.core.ApplicationContext.log Manager: list: Listing contexts for virtual host 'localhost'
12-Jul-2022 14:56:31.311 INFO [http-nio-8080-exec-47] org.apache.catalina.core.ApplicationContext.log Manager: list: Listing contexts for virtual host 'localhost'
12-Jul-2022 14:56:31.316 INFO [http-nio-8080-exec-46] org.apache.catalina.core.ApplicationContext.log Manager: undeploy: Undeploying web application at '/JakartaDemo'
12-Jul-2022 14:56:31.856 INFO [http-nio-8080-exec-48] org.apache.catalina.core.ApplicationContext.log Manager: install: Installing context configuration at 'file:/C:/Users/sanou/AppData/Local/Temp/context1262522553613126588.xml'
12-Jul-2022 14:56:33.664 INFO [http-nio-8080-exec-45] org.apache.catalina.core.ApplicationContext.log Manager: start: Starting web application '/JakartaDemo'
12-Jul-2022 15:01:00.639 INFO [http-nio-8080-exec-51] org.apache.catalina.core.ApplicationContext.log Manager: list: Listing contexts for virtual host 'localhost'
12-Jul-2022 15:01:00.654 INFO [http-nio-8080-exec-52] org.apache.catalina.core.ApplicationContext.log Manager: restart: Reloading web application '/JakartaDemo'
12-Jul-2022 15:03:21.318 INFO [http-nio-8080-exec-62] org.apache.catalina.core.ApplicationContext.log Manager: list: Listing contexts for virtual host 'localhost'
12-Jul-2022 15:03:21.336 INFO [http-nio-8080-exec-63] org.apache.catalina.core.ApplicationContext.log Manager: restart: Reloading web application '/JakartaDemo'
12-Jul-2022 15:03:41.553 INFO [http-nio-8080-exec-68] org.apache.catalina.core.ApplicationContext.log Manager: list: Listing contexts for virtual host 'localhost'
12-Jul-2022 15:03:41.572 INFO [http-nio-8080-exec-64] org.apache.catalina.core.ApplicationContext.log Manager: restart: Reloading web application '/JakartaDemo'
12-Jul-2022 15:03:50.936 INFO [http-nio-8080-exec-53] org.apache.catalina.core.ApplicationContext.log Manager: list: Listing contexts for virtual host 'localhost'
12-Jul-2022 15:03:50.940 INFO [http-nio-8080-exec-65] org.apache.catalina.core.ApplicationContext.log Manager: undeploy: Undeploying web application at '/JakartaDemo'
12-Jul-2022 15:04:04.741 INFO [http-nio-8080-exec-58] org.apache.catalina.core.ApplicationContext.log Manager: list: Listing contexts for virtual host 'localhost'
12-Jul-2022 15:04:04.744 INFO [http-nio-8080-exec-70] org.apache.catalina.core.ApplicationContext.log Manager: list: Listing contexts for virtual host 'localhost'
12-Jul-2022 15:04:04.752 INFO [http-nio-8080-exec-53] org.apache.catalina.core.ApplicationContext.log Manager: install: Installing context configuration at 'file:/C:/Users/sanou/AppData/Local/Temp/context13748082277939226524.xml'
12-Jul-2022 15:04:06.538 INFO [http-nio-8080-exec-65] org.apache.catalina.core.ApplicationContext.log Manager: start: Starting web application '/JakartaDemo'
12-Jul-2022 15:44:06.691 INFO [http-nio-8080-exec-3] org.apache.catalina.core.ApplicationContext.log Manager: init: Associated with Deployer 'Catalina:type=Deployer,host=localhost'
12-Jul-2022 15:44:06.692 INFO [http-nio-8080-exec-3] org.apache.catalina.core.ApplicationContext.log Manager: init: Global resources are available
12-Jul-2022 15:44:06.708 INFO [http-nio-8080-exec-10] org.apache.catalina.core.ApplicationContext.log Manager: list: Listing contexts for virtual host 'localhost'
12-Jul-2022 15:44:06.714 INFO [http-nio-8080-exec-6] org.apache.catalina.core.ApplicationContext.log Manager: list: Listing contexts for virtual host 'localhost'
12-Jul-2022 15:44:36.235 INFO [http-nio-8080-exec-3] org.apache.catalina.core.ApplicationContext.log Manager: list: Listing contexts for virtual host 'localhost'
12-Jul-2022 15:44:36.237 INFO [http-nio-8080-exec-5] org.apache.catalina.core.ApplicationContext.log Manager: list: Listing contexts for virtual host 'localhost'
12-Jul-2022 15:44:36.241 INFO [http-nio-8080-exec-7] org.apache.catalina.core.ApplicationContext.log Manager: undeploy: Undeploying web application at '/JakartaDemo'
12-Jul-2022 15:44:36.797 INFO [http-nio-8080-exec-9] org.apache.catalina.core.ApplicationContext.log Manager: install: Installing context configuration at 'file:/C:/Users/sanou/AppData/Local/Temp/context18391163461759373652.xml'
12-Jul-2022 15:44:40.645 INFO [http-nio-8080-exec-4] org.apache.catalina.core.ApplicationContext.log Manager: list: Listing contexts for virtual host 'localhost'
12-Jul-2022 15:44:40.647 INFO [http-nio-8080-exec-5] org.apache.catalina.core.ApplicationContext.log Manager: list: Listing contexts for virtual host 'localhost'
12-Jul-2022 15:44:40.655 INFO [http-nio-8080-exec-11] org.apache.catalina.core.ApplicationContext.log Manager: install: Installing context configuration at 'file:/C:/Users/sanou/AppData/Local/Temp/context5951580198385242194.xml'
12-Jul-2022 15:44:42.431 INFO [http-nio-8080-exec-12] org.apache.catalina.core.ApplicationContext.log Manager: start: Starting web application '/JakartaDemo'
12-Jul-2022 16:13:04.922 INFO [http-nio-8080-exec-3] org.apache.catalina.core.ApplicationContext.log Manager: init: Associated with Deployer 'Catalina:type=Deployer,host=localhost'
12-Jul-2022 16:13:04.922 INFO [http-nio-8080-exec-3] org.apache.catalina.core.ApplicationContext.log Manager: init: Global resources are available
12-Jul-2022 16:13:04.940 INFO [http-nio-8080-exec-10] org.apache.catalina.core.ApplicationContext.log Manager: list: Listing contexts for virtual host 'localhost'
12-Jul-2022 16:13:04.947 INFO [http-nio-8080-exec-4] org.apache.catalina.core.ApplicationContext.log Manager: list: Listing contexts for virtual host 'localhost'
12-Jul-2022 16:13:04.959 INFO [http-nio-8080-exec-6] org.apache.catalina.core.ApplicationContext.log Manager: install: Installing context configuration at 'file:/C:/Users/sanou/AppData/Local/Temp/context11787624307106295702.xml'
12-Jul-2022 16:13:07.139 INFO [http-nio-8080-exec-7] org.apache.catalina.core.ApplicationContext.log Manager: start: Starting web application '/tpWS'
12-Jul-2022 16:17:05.316 INFO [http-nio-8080-exec-9] org.apache.catalina.core.ApplicationContext.log Manager: list: Listing contexts for virtual host 'localhost'
12-Jul-2022 16:17:05.320 INFO [http-nio-8080-exec-2] org.apache.catalina.core.ApplicationContext.log Manager: undeploy: Undeploying web application at '/tpWS'
12-Jul-2022 16:17:16.729 INFO [http-nio-8080-exec-11] org.apache.catalina.core.ApplicationContext.log Manager: list: Listing contexts for virtual host 'localhost'
12-Jul-2022 16:17:16.735 INFO [http-nio-8080-exec-5] org.apache.catalina.core.ApplicationContext.log Manager: list: Listing contexts for virtual host 'localhost'
12-Jul-2022 16:17:16.749 INFO [http-nio-8080-exec-6] org.apache.catalina.core.ApplicationContext.log Manager: install: Installing context configuration at 'file:/C:/Users/sanou/AppData/Local/Temp/context10468209550243844953.xml'
12-Jul-2022 16:17:19.501 INFO [http-nio-8080-exec-7] org.apache.catalina.core.ApplicationContext.log Manager: start: Starting web application '/tpWS'
12-Jul-2022 16:18:23.113 INFO [http-nio-8080-exec-14] org.apache.catalina.core.ApplicationContext.log Manager: list: Listing contexts for virtual host 'localhost'
12-Jul-2022 16:18:23.130 INFO [http-nio-8080-exec-18] org.apache.catalina.core.ApplicationContext.log Manager: restart: Reloading web application '/JakartaDemo'
12-Jul-2022 16:18:47.678 INFO [http-nio-8080-exec-13] org.apache.catalina.core.ApplicationContext.log Manager: list: Listing contexts for virtual host 'localhost'
12-Jul-2022 16:18:47.695 INFO [http-nio-8080-exec-10] org.apache.catalina.core.ApplicationContext.log Manager: restart: Reloading web application '/tpWS'
12-Jul-2022 16:18:49.868 INFO [http-nio-8080-exec-12] org.apache.catalina.core.ApplicationContext.log Manager: list: Listing contexts for virtual host 'localhost'
12-Jul-2022 16:18:49.889 INFO [http-nio-8080-exec-11] org.apache.catalina.core.ApplicationContext.log Manager: restart: Reloading web application '/tpWS'
12-Jul-2022 16:18:54.861 INFO [http-nio-8080-exec-13] org.apache.catalina.core.ApplicationContext.log Manager: list: Listing contexts for virtual host 'localhost'
12-Jul-2022 16:18:54.864 INFO [http-nio-8080-exec-12] org.apache.catalina.core.ApplicationContext.log Manager: undeploy: Undeploying web application at '/tpWS'
12-Jul-2022 16:20:05.420 INFO [http-nio-8080-exec-24] org.apache.catalina.core.ApplicationContext.log Manager: list: Listing contexts for virtual host 'localhost'
12-Jul-2022 16:20:05.423 INFO [http-nio-8080-exec-27] org.apache.catalina.core.ApplicationContext.log Manager: list: Listing contexts for virtual host 'localhost'
12-Jul-2022 16:20:05.434 INFO [http-nio-8080-exec-14] org.apache.catalina.core.ApplicationContext.log Manager: install: Installing context configuration at 'file:/C:/Users/sanou/AppData/Local/Temp/context10945408152287885600.xml'
12-Jul-2022 16:20:07.404 INFO [http-nio-8080-exec-23] org.apache.catalina.core.ApplicationContext.log Manager: start: Starting web application '/tpWS'
12-Jul-2022 17:00:54.112 INFO [http-nio-8080-exec-26] org.apache.catalina.core.ApplicationContext.log Manager: list: Listing contexts for virtual host 'localhost'
12-Jul-2022 17:00:54.128 INFO [http-nio-8080-exec-28] org.apache.catalina.core.ApplicationContext.log Manager: restart: Reloading web application '/tpWS'
12-Jul-2022 17:04:36.015 INFO [http-nio-8080-exec-35] org.apache.catalina.core.ApplicationContext.log Manager: list: Listing contexts for virtual host 'localhost'
12-Jul-2022 17:04:36.030 INFO [http-nio-8080-exec-37] org.apache.catalina.core.ApplicationContext.log Manager: restart: Reloading web application '/tpWS'
12-Jul-2022 17:06:47.532 INFO [http-nio-8080-exec-4] org.apache.catalina.core.ApplicationContext.log Manager: init: Associated with Deployer 'Catalina:type=Deployer,host=localhost'
12-Jul-2022 17:06:47.532 INFO [http-nio-8080-exec-4] org.apache.catalina.core.ApplicationContext.log Manager: init: Global resources are available
12-Jul-2022 17:06:47.545 INFO [http-nio-8080-exec-2] org.apache.catalina.core.ApplicationContext.log Manager: list: Listing contexts for virtual host 'localhost'
12-Jul-2022 17:06:47.551 INFO [http-nio-8080-exec-8] org.apache.catalina.core.ApplicationContext.log Manager: list: Listing contexts for virtual host 'localhost'
12-Jul-2022 17:06:47.560 INFO [http-nio-8080-exec-9] org.apache.catalina.core.ApplicationContext.log Manager: install: Installing context configuration at 'file:/C:/Users/sanou/AppData/Local/Temp/context11097181611989117813.xml'
12-Jul-2022 17:06:49.323 INFO [http-nio-8080-exec-10] org.apache.catalina.core.ApplicationContext.log Manager: start: Starting web application '/Restaurant'
12-Jul-2022 17:11:25.785 INFO [http-nio-8080-exec-10] org.apache.catalina.core.ApplicationContext.log Manager: list: Listing contexts for virtual host 'localhost'
12-Jul-2022 17:11:25.804 INFO [http-nio-8080-exec-9] org.apache.catalina.core.ApplicationContext.log Manager: restart: Reloading web application '/Restaurant'
12-Jul-2022 17:12:11.082 INFO [http-nio-8080-exec-10] org.apache.catalina.core.ApplicationContext.log Manager: list: Listing contexts for virtual host 'localhost'
12-Jul-2022 17:12:11.101 INFO [http-nio-8080-exec-2] org.apache.catalina.core.ApplicationContext.log Manager: restart: Reloading web application '/Restaurant'
12-Jul-2022 17:12:16.922 INFO [http-nio-8080-exec-8] org.apache.catalina.core.ApplicationContext.log Manager: list: Listing contexts for virtual host 'localhost'
12-Jul-2022 17:12:16.926 INFO [http-nio-8080-exec-12] org.apache.catalina.core.ApplicationContext.log Manager: undeploy: Undeploying web application at '/Restaurant'
12-Jul-2022 17:12:17.058 INFO [http-nio-8080-exec-7] org.apache.catalina.core.ApplicationContext.log Manager: list: Listing contexts for virtual host 'localhost'
12-Jul-2022 17:12:17.976 INFO [http-nio-8080-exec-6] org.apache.catalina.core.ApplicationContext.log Manager: restart: Reloading web application '/tpWS'
12-Jul-2022 17:12:32.686 INFO [http-nio-8080-exec-11] org.apache.catalina.core.ApplicationContext.log Manager: list: Listing contexts for virtual host 'localhost'
12-Jul-2022 17:12:32.690 INFO [http-nio-8080-exec-16] org.apache.catalina.core.ApplicationContext.log Manager: list: Listing contexts for virtual host 'localhost'
12-Jul-2022 17:12:32.722 INFO [http-nio-8080-exec-13] org.apache.catalina.core.ApplicationContext.log Manager: install: Installing context configuration at 'file:/C:/Users/sanou/AppData/Local/Temp/context4442609877774963151.xml'
12-Jul-2022 17:12:34.676 INFO [http-nio-8080-exec-10] org.apache.catalina.core.ApplicationContext.log Manager: start: Starting web application '/Restaurant'
12-Jul-2022 17:15:51.010 INFO [http-nio-8080-exec-17] org.apache.catalina.core.ApplicationContext.log Manager: list: Listing contexts for virtual host 'localhost'
12-Jul-2022 17:15:51.028 INFO [http-nio-8080-exec-19] org.apache.catalina.core.ApplicationContext.log Manager: restart: Reloading web application '/tpWS'
12-Jul-2022 17:16:32.373 INFO [http-nio-8080-exec-16] org.apache.catalina.core.ApplicationContext.log Manager: list: Listing contexts for virtual host 'localhost'
12-Jul-2022 17:16:32.390 INFO [http-nio-8080-exec-22] org.apache.catalina.core.ApplicationContext.log Manager: restart: Reloading web application '/Restaurant'
12-Jul-2022 17:17:01.589 INFO [http-nio-8080-exec-25] org.apache.catalina.core.ApplicationContext.log Manager: list: Listing contexts for virtual host 'localhost'
12-Jul-2022 17:17:01.592 INFO [http-nio-8080-exec-23] org.apache.catalina.core.ApplicationContext.log Manager: undeploy: Undeploying web application at '/Restaurant'
12-Jul-2022 17:17:19.042 INFO [http-nio-8080-exec-21] org.apache.catalina.core.ApplicationContext.log Manager: list: Listing contexts for virtual host 'localhost'
12-Jul-2022 17:17:40.696 INFO [http-nio-8080-exec-24] org.apache.catalina.core.ApplicationContext.log Manager: list: Listing contexts for virtual host 'localhost'
12-Jul-2022 17:17:40.700 INFO [http-nio-8080-exec-18] org.apache.catalina.core.ApplicationContext.log Manager: list: Listing contexts for virtual host 'localhost'
12-Jul-2022 17:17:40.707 INFO [http-nio-8080-exec-28] org.apache.catalina.core.ApplicationContext.log Manager: install: Installing context configuration at 'file:/C:/Users/sanou/AppData/Local/Temp/context9232217868190761305.xml'
12-Jul-2022 17:17:42.286 INFO [http-nio-8080-exec-21] org.apache.catalina.core.ApplicationContext.log Manager: start: Starting web application '/Restaurant'
12-Jul-2022 17:21:21.969 INFO [http-nio-8080-exec-38] org.apache.catalina.core.ApplicationContext.log Manager: list: Listing contexts for virtual host 'localhost'
12-Jul-2022 17:21:21.985 INFO [http-nio-8080-exec-34] org.apache.catalina.core.ApplicationContext.log Manager: restart: Reloading web application '/Restaurant'
12-Jul-2022 17:21:32.053 INFO [http-nio-8080-exec-35] org.apache.catalina.core.ApplicationContext.log Manager: list: Listing contexts for virtual host 'localhost'
12-Jul-2022 17:21:32.073 INFO [http-nio-8080-exec-36] org.apache.catalina.core.ApplicationContext.log Manager: restart: Reloading web application '/Restaurant'
12-Jul-2022 17:23:53.424 INFO [http-nio-8080-exec-43] org.apache.catalina.core.ApplicationContext.log Manager: list: Listing contexts for virtual host 'localhost'
12-Jul-2022 17:23:53.442 INFO [http-nio-8080-exec-44] org.apache.catalina.core.ApplicationContext.log Manager: restart: Reloading web application '/Restaurant'
12-Jul-2022 17:23:57.869 INFO [http-nio-8080-exec-49] org.apache.catalina.core.ApplicationContext.log Manager: list: Listing contexts for virtual host 'localhost'
12-Jul-2022 17:23:57.886 INFO [http-nio-8080-exec-38] org.apache.catalina.core.ApplicationContext.log Manager: restart: Reloading web application '/Restaurant'
12-Jul-2022 17:25:48.439 INFO [http-nio-8080-exec-50] org.apache.catalina.core.ApplicationContext.log Manager: list: Listing contexts for virtual host 'localhost'
12-Jul-2022 17:25:48.457 INFO [http-nio-8080-exec-53] org.apache.catalina.core.ApplicationContext.log Manager: restart: Reloading web application '/Restaurant'
12-Jul-2022 17:26:20.709 INFO [http-nio-8080-exec-55] org.apache.catalina.core.ApplicationContext.log Manager: list: Listing contexts for virtual host 'localhost'
12-Jul-2022 17:26:20.728 INFO [http-nio-8080-exec-45] org.apache.catalina.core.ApplicationContext.log Manager: restart: Reloading web application '/Restaurant'
12-Jul-2022 17:28:17.824 INFO [http-nio-8080-exec-55] org.apache.catalina.core.ApplicationContext.log Manager: list: Listing contexts for virtual host 'localhost'
12-Jul-2022 17:28:17.841 INFO [http-nio-8080-exec-52] org.apache.catalina.core.ApplicationContext.log Manager: restart: Reloading web application '/tpWS'
12-Jul-2022 17:30:27.691 INFO [http-nio-8080-exec-61] org.apache.catalina.core.ApplicationContext.log Manager: list: Listing contexts for virtual host 'localhost'
12-Jul-2022 17:30:27.707 INFO [http-nio-8080-exec-62] org.apache.catalina.core.ApplicationContext.log Manager: restart: Reloading web application '/Restaurant'
12-Jul-2022 17:31:10.126 INFO [http-nio-8080-exec-47] org.apache.catalina.core.ApplicationContext.log Manager: list: Listing contexts for virtual host 'localhost'
12-Jul-2022 17:31:10.143 INFO [http-nio-8080-exec-65] org.apache.catalina.core.ApplicationContext.log Manager: restart: Reloading web application '/Restaurant'
12-Jul-2022 17:31:39.727 INFO [http-nio-8080-exec-69] org.apache.catalina.core.ApplicationContext.log Manager: list: Listing contexts for virtual host 'localhost'
12-Jul-2022 17:31:45.127 INFO [http-nio-8080-exec-67] org.apache.catalina.core.ApplicationContext.log Manager: list: Listing contexts for virtual host 'localhost'
12-Jul-2022 17:31:45.130 INFO [http-nio-8080-exec-60] org.apache.catalina.core.ApplicationContext.log Manager: list: Listing contexts for virtual host 'localhost'
12-Jul-2022 17:31:45.134 INFO [http-nio-8080-exec-43] org.apache.catalina.core.ApplicationContext.log Manager: undeploy: Undeploying web application at '/tpWS'
12-Jul-2022 17:31:45.666 INFO [http-nio-8080-exec-64] org.apache.catalina.core.ApplicationContext.log Manager: install: Installing context configuration at 'file:/C:/Users/sanou/AppData/Local/Temp/context489348004332254176.xml'
12-Jul-2022 17:31:47.233 INFO [http-nio-8080-exec-61] org.apache.catalina.core.ApplicationContext.log Manager: start: Starting web application '/tpWS'
12-Jul-2022 17:35:01.382 INFO [http-nio-8080-exec-78] org.apache.catalina.core.ApplicationContext.log Manager: list: Listing contexts for virtual host 'localhost'
12-Jul-2022 17:35:01.400 INFO [http-nio-8080-exec-72] org.apache.catalina.core.ApplicationContext.log Manager: restart: Reloading web application '/tpWS'
12-Jul-2022 17:35:37.011 INFO [http-nio-8080-exec-77] org.apache.catalina.core.ApplicationContext.log Manager: list: Listing contexts for virtual host 'localhost'
12-Jul-2022 17:35:37.026 INFO [http-nio-8080-exec-76] org.apache.catalina.core.ApplicationContext.log Manager: restart: Reloading web application '/tpWS'
12-Jul-2022 17:36:02.550 INFO [http-nio-8080-exec-80] org.apache.catalina.core.ApplicationContext.log Manager: list: Listing contexts for virtual host 'localhost'
12-Jul-2022 17:36:02.565 INFO [http-nio-8080-exec-73] org.apache.catalina.core.ApplicationContext.log Manager: restart: Reloading web application '/tpWS'
12-Jul-2022 17:36:49.056 INFO [http-nio-8080-exec-84] org.apache.catalina.core.ApplicationContext.log Manager: list: Listing contexts for virtual host 'localhost'
12-Jul-2022 17:36:49.060 INFO [http-nio-8080-exec-81] org.apache.catalina.core.ApplicationContext.log Manager: undeploy: Undeploying web application at '/tpWS'
12-Jul-2022 17:37:06.792 INFO [http-nio-8080-exec-82] org.apache.catalina.core.ApplicationContext.log Manager: list: Listing contexts for virtual host 'localhost'
12-Jul-2022 17:37:06.794 INFO [http-nio-8080-exec-71] org.apache.catalina.core.ApplicationContext.log Manager: list: Listing contexts for virtual host 'localhost'
12-Jul-2022 17:37:06.804 INFO [http-nio-8080-exec-86] org.apache.catalina.core.ApplicationContext.log Manager: install: Installing context configuration at 'file:/C:/Users/sanou/AppData/Local/Temp/context17071227074563283252.xml'
12-Jul-2022 17:37:08.626 INFO [http-nio-8080-exec-81] org.apache.catalina.core.ApplicationContext.log Manager: start: Starting web application '/tpWS'
12-Jul-2022 17:39:48.545 INFO [http-nio-8080-exec-89] org.apache.catalina.core.ApplicationContext.log Manager: list: Listing contexts for virtual host 'localhost'
12-Jul-2022 17:39:48.559 INFO [http-nio-8080-exec-94] org.apache.catalina.core.ApplicationContext.log Manager: restart: Reloading web application '/tpWS'
12-Jul-2022 17:39:59.863 INFO [http-nio-8080-exec-88] org.apache.catalina.core.ApplicationContext.log Manager: list: Listing contexts for virtual host 'localhost'
12-Jul-2022 17:39:59.882 INFO [http-nio-8080-exec-87] org.apache.catalina.core.ApplicationContext.log Manager: restart: Reloading web application '/Restaurant'
12-Jul-2022 17:40:01.793 INFO [http-nio-8080-exec-90] org.apache.catalina.core.ApplicationContext.log Manager: list: Listing contexts for virtual host 'localhost'
12-Jul-2022 17:40:01.810 INFO [http-nio-8080-exec-91] org.apache.catalina.core.ApplicationContext.log Manager: restart: Reloading web application '/Restaurant'
12-Jul-2022 17:43:12.694 INFO [http-nio-8080-exec-101] org.apache.catalina.core.ApplicationContext.log Manager: list: Listing contexts for virtual host 'localhost'
12-Jul-2022 17:43:12.713 INFO [http-nio-8080-exec-102] org.apache.catalina.core.ApplicationContext.log Manager: restart: Reloading web application '/Restaurant'
12-Jul-2022 17:43:44.732 INFO [http-nio-8080-exec-90] org.apache.catalina.core.ApplicationContext.log Manager: list: Listing contexts for virtual host 'localhost'
12-Jul-2022 17:43:44.752 INFO [http-nio-8080-exec-103] org.apache.catalina.core.ApplicationContext.log Manager: restart: Reloading web application '/Restaurant'
12-Jul-2022 17:44:39.065 INFO [http-nio-8080-exec-105] org.apache.catalina.core.ApplicationContext.log Manager: list: Listing contexts for virtual host 'localhost'
12-Jul-2022 17:44:39.081 INFO [http-nio-8080-exec-109] org.apache.catalina.core.ApplicationContext.log Manager: restart: Reloading web application '/Restaurant'
12-Jul-2022 17:44:55.390 INFO [http-nio-8080-exec-108] org.apache.catalina.core.ApplicationContext.log Manager: list: Listing contexts for virtual host 'localhost'
12-Jul-2022 17:44:55.393 INFO [http-nio-8080-exec-107] org.apache.catalina.core.ApplicationContext.log Manager: undeploy: Undeploying web application at '/Restaurant'
12-Jul-2022 17:45:09.911 INFO [http-nio-8080-exec-111] org.apache.catalina.core.ApplicationContext.log Manager: list: Listing contexts for virtual host 'localhost'
12-Jul-2022 17:45:09.913 INFO [http-nio-8080-exec-105] org.apache.catalina.core.ApplicationContext.log Manager: list: Listing contexts for virtual host 'localhost'
12-Jul-2022 17:45:09.929 INFO [http-nio-8080-exec-108] org.apache.catalina.core.ApplicationContext.log Manager: install: Installing context configuration at 'file:/C:/Users/sanou/AppData/Local/Temp/context2799886760033506679.xml'
12-Jul-2022 17:45:11.996 INFO [http-nio-8080-exec-113] org.apache.catalina.core.ApplicationContext.log Manager: start: Starting web application '/Restaurant'
12-Jul-2022 17:46:50.572 INFO [http-nio-8080-exec-118] org.apache.catalina.core.ApplicationContext.log Manager: list: Listing contexts for virtual host 'localhost'
12-Jul-2022 17:46:50.589 INFO [http-nio-8080-exec-119] org.apache.catalina.core.ApplicationContext.log Manager: restart: Reloading web application '/Restaurant'
12-Jul-2022 17:47:00.972 INFO [http-nio-8080-exec-123] org.apache.catalina.core.ApplicationContext.log Manager: list: Listing contexts for virtual host 'localhost'
12-Jul-2022 17:47:00.975 INFO [http-nio-8080-exec-117] org.apache.catalina.core.ApplicationContext.log Manager: undeploy: Undeploying web application at '/Restaurant'
12-Jul-2022 17:47:12.876 INFO [http-nio-8080-exec-125] org.apache.catalina.core.ApplicationContext.log Manager: list: Listing contexts for virtual host 'localhost'
12-Jul-2022 17:47:12.879 INFO [http-nio-8080-exec-116] org.apache.catalina.core.ApplicationContext.log Manager: list: Listing contexts for virtual host 'localhost'
12-Jul-2022 17:47:12.887 INFO [http-nio-8080-exec-121] org.apache.catalina.core.ApplicationContext.log Manager: install: Installing context configuration at 'file:/C:/Users/sanou/AppData/Local/Temp/context13256362656158737684.xml'
12-Jul-2022 17:47:14.546 INFO [http-nio-8080-exec-117] org.apache.catalina.core.ApplicationContext.log Manager: start: Starting web application '/Restaurant'
12-Jul-2022 17:55:09.730 INFO [http-nio-8080-exec-133] org.apache.catalina.core.ApplicationContext.log Manager: list: Listing contexts for virtual host 'localhost'
12-Jul-2022 17:55:09.735 INFO [http-nio-8080-exec-134] org.apache.catalina.core.ApplicationContext.log Manager: restart: Reloading web application '/Restaurant'
12-Jul-2022 17:55:39.377 INFO [http-nio-8080-exec-127] org.apache.catalina.core.ApplicationContext.log Manager: list: Listing contexts for virtual host 'localhost'
12-Jul-2022 17:55:39.393 INFO [http-nio-8080-exec-132] org.apache.catalina.core.ApplicationContext.log Manager: restart: Reloading web application '/Restaurant'
12-Jul-2022 17:56:18.733 INFO [http-nio-8080-exec-133] org.apache.catalina.core.ApplicationContext.log Manager: list: Listing contexts for virtual host 'localhost'
12-Jul-2022 17:56:18.749 INFO [http-nio-8080-exec-137] org.apache.catalina.core.ApplicationContext.log Manager: restart: Reloading web application '/Restaurant'
12-Jul-2022 17:56:30.590 INFO [http-nio-8080-exec-136] org.apache.catalina.core.ApplicationContext.log Manager: list: Listing contexts for virtual host 'localhost'
12-Jul-2022 17:56:30.607 INFO [http-nio-8080-exec-127] org.apache.catalina.core.ApplicationContext.log Manager: restart: Reloading web application '/Restaurant'
12-Jul-2022 17:58:01.194 INFO [http-nio-8080-exec-4] org.apache.catalina.core.ApplicationContext.log Manager: init: Associated with Deployer 'Catalina:type=Deployer,host=localhost'
12-Jul-2022 17:58:01.194 INFO [http-nio-8080-exec-4] org.apache.catalina.core.ApplicationContext.log Manager: init: Global resources are available
12-Jul-2022 17:58:01.209 INFO [http-nio-8080-exec-2] org.apache.catalina.core.ApplicationContext.log Manager: list: Listing contexts for virtual host 'localhost'
12-Jul-2022 17:58:01.212 INFO [http-nio-8080-exec-3] org.apache.catalina.core.ApplicationContext.log Manager: list: Listing contexts for virtual host 'localhost'
12-Jul-2022 17:58:01.218 INFO [http-nio-8080-exec-7] org.apache.catalina.core.ApplicationContext.log Manager: undeploy: Undeploying web application at '/Restaurant'
12-Jul-2022 17:58:01.805 INFO [http-nio-8080-exec-5] org.apache.catalina.core.ApplicationContext.log Manager: install: Installing context configuration at 'file:/C:/Users/sanou/AppData/Local/Temp/context18132268239574820937.xml'
12-Jul-2022 17:58:03.387 INFO [http-nio-8080-exec-3] org.apache.catalina.core.ApplicationContext.log Manager: start: Starting web application '/Restaurant'
12-Jul-2022 18:04:44.157 INFO [http-nio-8080-exec-11] org.apache.catalina.core.ApplicationContext.log Manager: list: Listing contexts for virtual host 'localhost'
12-Jul-2022 18:04:44.163 INFO [http-nio-8080-exec-12] org.apache.catalina.core.ApplicationContext.log Manager: restart: Reloading web application '/Restaurant'
12-Jul-2022 18:04:50.383 INFO [http-nio-8080-exec-15] org.apache.catalina.core.ApplicationContext.log Manager: list: Listing contexts for virtual host 'localhost'
12-Jul-2022 18:04:50.386 INFO [http-nio-8080-exec-11] org.apache.catalina.core.ApplicationContext.log Manager: undeploy: Undeploying web application at '/Restaurant'
12-Jul-2022 18:05:18.356 INFO [http-nio-8080-exec-14] org.apache.catalina.core.ApplicationContext.log Manager: list: Listing contexts for virtual host 'localhost'
12-Jul-2022 18:05:18.356 INFO [http-nio-8080-exec-19] org.apache.catalina.core.ApplicationContext.log Manager: list: Listing contexts for virtual host 'localhost'
12-Jul-2022 18:05:18.372 INFO [http-nio-8080-exec-22] org.apache.catalina.core.ApplicationContext.log Manager: install: Installing context configuration at 'file:/C:/Users/sanou/AppData/Local/Temp/context7116700609694288029.xml'
12-Jul-2022 18:05:20.520 INFO [http-nio-8080-exec-17] org.apache.catalina.core.ApplicationContext.log Manager: start: Starting web application '/Restaurant'
